{"/Users/philippelattention/Code/owl-realworld-app/src/App.js": {"path":"/Users/philippelattention/Code/owl-realworld-app/src/App.js","statementMap":{"0":{"start":{"line":3,"column":0},"end":{"line":3,"column":62}},"1":{"start":{"line":5,"column":10},"end":{"line":5,"column":30}},"2":{"start":{"line":6,"column":13},"end":{"line":6,"column":43}},"3":{"start":{"line":7,"column":13},"end":{"line":7,"column":43}},"4":{"start":{"line":9,"column":23},"end":{"line":9,"column":48}},"5":{"start":{"line":10,"column":13},"end":{"line":10,"column":28}},"6":{"start":{"line":12,"column":21},"end":{"line":18,"column":1}},"7":{"start":{"line":21,"column":22},"end":{"line":21,"column":92}},"8":{"start":{"line":22,"column":20},"end":{"line":22,"column":32}},"9":{"start":{"line":25,"column":0},"end":{"line":25,"column":18}}},"fnMap":{},"branchMap":{},"s":{"0":1,"1":1,"2":1,"3":1,"4":1,"5":1,"6":1,"7":1,"8":1,"9":1},"f":{},"b":{},"inputSourceMap":null,"_coverageSchema":"1a1c01bbd47fc00a2c39e90264f33305004495a9","hash":"4789b6e4326b810f307cfa9b9d762cc98b3f3732"}
,"/Users/philippelattention/Code/owl-realworld-app/src/components/ArticleMeta.js": {"path":"/Users/philippelattention/Code/owl-realworld-app/src/components/ArticleMeta.js","statementMap":{"0":{"start":{"line":3,"column":0},"end":{"line":3,"column":62}},"1":{"start":{"line":5,"column":10},"end":{"line":5,"column":30}},"2":{"start":{"line":6,"column":24},"end":{"line":6,"column":61}},"3":{"start":{"line":7,"column":24},"end":{"line":7,"column":61}},"4":{"start":{"line":8,"column":17},"end":{"line":8,"column":51}},"5":{"start":{"line":10,"column":23},"end":{"line":10,"column":32}},"6":{"start":{"line":11,"column":17},"end":{"line":11,"column":27}},"7":{"start":{"line":13,"column":35},"end":{"line":58,"column":1}},"8":{"start":{"line":60,"column":20},"end":{"line":60,"column":46}},"9":{"start":{"line":61,"column":22},"end":{"line":61,"column":30}},"10":{"start":{"line":62,"column":17},"end":{"line":65,"column":3}},"11":{"start":{"line":66,"column":12},"end":{"line":66,"column":24}},"12":{"start":{"line":67,"column":15},"end":{"line":67,"column":36}},"13":{"start":{"line":70,"column":4},"end":{"line":70,"column":19}},"14":{"start":{"line":71,"column":4},"end":{"line":71,"column":112}},"15":{"start":{"line":75,"column":4},"end":{"line":78,"column":6}},"16":{"start":{"line":82,"column":0},"end":{"line":82,"column":34}}},"fnMap":{"0":{"name":"(anonymous_0)","decl":{"start":{"line":69,"column":2},"end":{"line":69,"column":3}},"loc":{"start":{"line":69,"column":23},"end":{"line":72,"column":3}},"line":69},"1":{"name":"(anonymous_1)","decl":{"start":{"line":74,"column":2},"end":{"line":74,"column":3}},"loc":{"start":{"line":74,"column":17},"end":{"line":79,"column":3}},"line":74}},"branchMap":{"0":{"loc":{"start":{"line":76,"column":6},"end":{"line":77,"column":75}},"type":"binary-expr","locations":[{"start":{"line":76,"column":6},"end":{"line":76,"column":33}},{"start":{"line":77,"column":6},"end":{"line":77,"column":75}}],"line":76}},"s":{"0":2,"1":2,"2":2,"3":2,"4":2,"5":2,"6":2,"7":2,"8":2,"9":2,"10":2,"11":5,"12":5,"13":5,"14":5,"15":12,"16":2},"f":{"0":5,"1":12},"b":{"0":[12,12]},"inputSourceMap":null,"_coverageSchema":"1a1c01bbd47fc00a2c39e90264f33305004495a9","hash":"5dea5722e1163b17a6c1571c68e657fb20329c65"}
,"/Users/philippelattention/Code/owl-realworld-app/src/components/ArticlePreview.js": {"path":"/Users/philippelattention/Code/owl-realworld-app/src/components/ArticlePreview.js","statementMap":{"0":{"start":{"line":3,"column":0},"end":{"line":3,"column":62}},"1":{"start":{"line":5,"column":10},"end":{"line":5,"column":30}},"2":{"start":{"line":6,"column":18},"end":{"line":6,"column":42}},"3":{"start":{"line":8,"column":13},"end":{"line":8,"column":28}},"4":{"start":{"line":10,"column":33},"end":{"line":22,"column":1}},"5":{"start":{"line":24,"column":20},"end":{"line":24,"column":44}},"6":{"start":{"line":25,"column":22},"end":{"line":25,"column":68}},"7":{"start":{"line":26,"column":17},"end":{"line":28,"column":3}},"8":{"start":{"line":31,"column":0},"end":{"line":31,"column":40}}},"fnMap":{},"branchMap":{},"s":{"0":2,"1":2,"2":2,"3":2,"4":2,"5":2,"6":2,"7":2,"8":2},"f":{},"b":{},"inputSourceMap":null,"_coverageSchema":"1a1c01bbd47fc00a2c39e90264f33305004495a9","hash":"8387b48b8a924d008dc7935755388fc8f4da1bdf"}
,"/Users/philippelattention/Code/owl-realworld-app/src/components/ArticlesList.js": {"path":"/Users/philippelattention/Code/owl-realworld-app/src/components/ArticlesList.js","statementMap":{"0":{"start":{"line":3,"column":0},"end":{"line":3,"column":62}},"1":{"start":{"line":5,"column":10},"end":{"line":5,"column":30}},"2":{"start":{"line":6,"column":21},"end":{"line":6,"column":48}},"3":{"start":{"line":7,"column":17},"end":{"line":7,"column":40}},"4":{"start":{"line":8,"column":13},"end":{"line":8,"column":39}},"5":{"start":{"line":9,"column":16},"end":{"line":9,"column":49}},"6":{"start":{"line":11,"column":30},"end":{"line":26,"column":1}},"7":{"start":{"line":28,"column":20},"end":{"line":28,"column":41}},"8":{"start":{"line":29,"column":22},"end":{"line":29,"column":106}},"9":{"start":{"line":30,"column":15},"end":{"line":30,"column":30}},"10":{"start":{"line":31,"column":10},"end":{"line":35,"column":4}},"11":{"start":{"line":36,"column":17},"end":{"line":47,"column":3}},"12":{"start":{"line":50,"column":19},"end":{"line":50,"column":21}},"13":{"start":{"line":51,"column":4},"end":{"line":51,"column":49}},"14":{"start":{"line":52,"column":4},"end":{"line":56,"column":5}},"15":{"start":{"line":53,"column":6},"end":{"line":53,"column":69}},"16":{"start":{"line":55,"column":6},"end":{"line":55,"column":65}},"17":{"start":{"line":57,"column":4},"end":{"line":57,"column":40}},"18":{"start":{"line":58,"column":4},"end":{"line":58,"column":50}},"19":{"start":{"line":62,"column":4},"end":{"line":62,"column":48}},"20":{"start":{"line":66,"column":4},"end":{"line":68,"column":5}},"21":{"start":{"line":67,"column":6},"end":{"line":67,"column":13}},"22":{"start":{"line":69,"column":4},"end":{"line":71,"column":7}},"23":{"start":{"line":72,"column":4},"end":{"line":72,"column":47}},"24":{"start":{"line":76,"column":4},"end":{"line":76,"column":46}},"25":{"start":{"line":80,"column":0},"end":{"line":80,"column":36}}},"fnMap":{"0":{"name":"(anonymous_0)","decl":{"start":{"line":49,"column":2},"end":{"line":49,"column":3}},"loc":{"start":{"line":49,"column":36},"end":{"line":59,"column":3}},"line":49},"1":{"name":"(anonymous_1)","decl":{"start":{"line":61,"column":2},"end":{"line":61,"column":3}},"loc":{"start":{"line":61,"column":20},"end":{"line":63,"column":3}},"line":61},"2":{"name":"(anonymous_2)","decl":{"start":{"line":65,"column":2},"end":{"line":65,"column":3}},"loc":{"start":{"line":65,"column":35},"end":{"line":73,"column":3}},"line":65},"3":{"name":"(anonymous_3)","decl":{"start":{"line":75,"column":2},"end":{"line":75,"column":3}},"loc":{"start":{"line":75,"column":33},"end":{"line":77,"column":3}},"line":75}},"branchMap":{"0":{"loc":{"start":{"line":52,"column":4},"end":{"line":56,"column":5}},"type":"if","locations":[{"start":{"line":52,"column":4},"end":{"line":56,"column":5}},{"start":{"line":52,"column":4},"end":{"line":56,"column":5}}],"line":52},"1":{"loc":{"start":{"line":66,"column":4},"end":{"line":68,"column":5}},"type":"if","locations":[{"start":{"line":66,"column":4},"end":{"line":68,"column":5}},{"start":{"line":66,"column":4},"end":{"line":68,"column":5}}],"line":66}},"s":{"0":2,"1":2,"2":2,"3":2,"4":2,"5":2,"6":2,"7":2,"8":2,"9":1,"10":1,"11":2,"12":1,"13":1,"14":1,"15":1,"16":0,"17":1,"18":1,"19":1,"20":0,"21":0,"22":0,"23":0,"24":0,"25":2},"f":{"0":1,"1":1,"2":0,"3":0},"b":{"0":[1,0],"1":[0,0]},"inputSourceMap":null,"_coverageSchema":"1a1c01bbd47fc00a2c39e90264f33305004495a9","hash":"fbcfa7d64fa8cecebb7b046e490ce9491e901851"}
,"/Users/philippelattention/Code/owl-realworld-app/src/components/CommentsSection.js": {"path":"/Users/philippelattention/Code/owl-realworld-app/src/components/CommentsSection.js","statementMap":{"0":{"start":{"line":3,"column":0},"end":{"line":3,"column":62}},"1":{"start":{"line":5,"column":10},"end":{"line":5,"column":30}},"2":{"start":{"line":6,"column":13},"end":{"line":6,"column":39}},"3":{"start":{"line":7,"column":17},"end":{"line":7,"column":51}},"4":{"start":{"line":9,"column":23},"end":{"line":9,"column":32}},"5":{"start":{"line":11,"column":34},"end":{"line":61,"column":1}},"6":{"start":{"line":63,"column":20},"end":{"line":63,"column":45}},"7":{"start":{"line":64,"column":22},"end":{"line":64,"column":24}},"8":{"start":{"line":65,"column":17},"end":{"line":69,"column":3}},"9":{"start":{"line":70,"column":15},"end":{"line":70,"column":30}},"10":{"start":{"line":71,"column":12},"end":{"line":71,"column":24}},"11":{"start":{"line":72,"column":10},"end":{"line":78,"column":4}},"12":{"start":{"line":79,"column":15},"end":{"line":79,"column":36}},"13":{"start":{"line":80,"column":15},"end":{"line":80,"column":30}},"14":{"start":{"line":83,"column":4},"end":{"line":83,"column":57}},"15":{"start":{"line":84,"column":19},"end":{"line":84,"column":58}},"16":{"start":{"line":85,"column":4},"end":{"line":85,"column":40}},"17":{"start":{"line":86,"column":4},"end":{"line":86,"column":58}},"18":{"start":{"line":90,"column":4},"end":{"line":90,"column":47}},"19":{"start":{"line":94,"column":4},"end":{"line":98,"column":7}},"20":{"start":{"line":99,"column":4},"end":{"line":101,"column":5}},"21":{"start":{"line":100,"column":6},"end":{"line":100,"column":13}},"22":{"start":{"line":102,"column":4},"end":{"line":105,"column":6}},"23":{"start":{"line":106,"column":4},"end":{"line":106,"column":72}},"24":{"start":{"line":107,"column":4},"end":{"line":107,"column":47}},"25":{"start":{"line":111,"column":4},"end":{"line":115,"column":7}},"26":{"start":{"line":116,"column":4},"end":{"line":116,"column":68}},"27":{"start":{"line":117,"column":4},"end":{"line":121,"column":7}},"28":{"start":{"line":122,"column":4},"end":{"line":122,"column":47}},"29":{"start":{"line":126,"column":0},"end":{"line":126,"column":42}}},"fnMap":{"0":{"name":"(anonymous_0)","decl":{"start":{"line":82,"column":2},"end":{"line":82,"column":3}},"loc":{"start":{"line":82,"column":28},"end":{"line":87,"column":3}},"line":82},"1":{"name":"(anonymous_1)","decl":{"start":{"line":89,"column":2},"end":{"line":89,"column":3}},"loc":{"start":{"line":89,"column":20},"end":{"line":91,"column":3}},"line":89},"2":{"name":"(anonymous_2)","decl":{"start":{"line":93,"column":2},"end":{"line":93,"column":3}},"loc":{"start":{"line":93,"column":25},"end":{"line":108,"column":3}},"line":93},"3":{"name":"(anonymous_3)","decl":{"start":{"line":110,"column":2},"end":{"line":110,"column":3}},"loc":{"start":{"line":110,"column":26},"end":{"line":123,"column":3}},"line":110}},"branchMap":{"0":{"loc":{"start":{"line":99,"column":4},"end":{"line":101,"column":5}},"type":"if","locations":[{"start":{"line":99,"column":4},"end":{"line":101,"column":5}},{"start":{"line":99,"column":4},"end":{"line":101,"column":5}}],"line":99}},"s":{"0":2,"1":2,"2":2,"3":2,"4":2,"5":2,"6":2,"7":2,"8":2,"9":0,"10":0,"11":0,"12":0,"13":0,"14":0,"15":0,"16":0,"17":0,"18":0,"19":0,"20":0,"21":0,"22":0,"23":0,"24":0,"25":0,"26":0,"27":0,"28":0,"29":2},"f":{"0":0,"1":0,"2":0,"3":0},"b":{"0":[0,0]},"inputSourceMap":null,"_coverageSchema":"1a1c01bbd47fc00a2c39e90264f33305004495a9","hash":"86985c01973c6a0a5b327ee55289c9cb88d93b9b"}
,"/Users/philippelattention/Code/owl-realworld-app/src/components/Footer.js": {"path":"/Users/philippelattention/Code/owl-realworld-app/src/components/Footer.js","statementMap":{"0":{"start":{"line":3,"column":0},"end":{"line":3,"column":62}},"1":{"start":{"line":5,"column":10},"end":{"line":5,"column":30}},"2":{"start":{"line":7,"column":24},"end":{"line":18,"column":1}},"3":{"start":{"line":20,"column":20},"end":{"line":20,"column":35}},"4":{"start":{"line":23,"column":0},"end":{"line":23,"column":24}}},"fnMap":{},"branchMap":{},"s":{"0":1,"1":1,"2":1,"3":1,"4":1},"f":{},"b":{},"inputSourceMap":null,"_coverageSchema":"1a1c01bbd47fc00a2c39e90264f33305004495a9","hash":"a9e94040857d949be5537d8d23adc571e42eb077"}
,"/Users/philippelattention/Code/owl-realworld-app/src/components/Navbar.js": {"path":"/Users/philippelattention/Code/owl-realworld-app/src/components/Navbar.js","statementMap":{"0":{"start":{"line":3,"column":0},"end":{"line":3,"column":62}},"1":{"start":{"line":5,"column":10},"end":{"line":5,"column":30}},"2":{"start":{"line":6,"column":17},"end":{"line":6,"column":40}},"3":{"start":{"line":8,"column":23},"end":{"line":8,"column":32}},"4":{"start":{"line":9,"column":13},"end":{"line":9,"column":28}},"5":{"start":{"line":11,"column":24},"end":{"line":37,"column":1}},"6":{"start":{"line":39,"column":20},"end":{"line":39,"column":35}},"7":{"start":{"line":40,"column":22},"end":{"line":40,"column":65}},"8":{"start":{"line":41,"column":12},"end":{"line":41,"column":24}},"9":{"start":{"line":44,"column":0},"end":{"line":44,"column":24}}},"fnMap":{},"branchMap":{},"s":{"0":1,"1":1,"2":1,"3":1,"4":1,"5":1,"6":1,"7":1,"8":1,"9":1},"f":{},"b":{},"inputSourceMap":null,"_coverageSchema":"1a1c01bbd47fc00a2c39e90264f33305004495a9","hash":"a194b6e75624fc3a42cfd50fec99551ff9764a72"}
,"/Users/philippelattention/Code/owl-realworld-app/src/components/NavbarLink.js": {"path":"/Users/philippelattention/Code/owl-realworld-app/src/components/NavbarLink.js","statementMap":{"0":{"start":{"line":3,"column":0},"end":{"line":3,"column":62}},"1":{"start":{"line":5,"column":10},"end":{"line":5,"column":30}},"2":{"start":{"line":7,"column":13},"end":{"line":7,"column":28}},"3":{"start":{"line":8,"column":16},"end":{"line":8,"column":24}},"4":{"start":{"line":10,"column":22},"end":{"line":16,"column":1}},"5":{"start":{"line":18,"column":20},"end":{"line":18,"column":33}},"6":{"start":{"line":21,"column":0},"end":{"line":21,"column":32}}},"fnMap":{},"branchMap":{},"s":{"0":1,"1":1,"2":1,"3":1,"4":1,"5":1,"6":1},"f":{},"b":{},"inputSourceMap":null,"_coverageSchema":"1a1c01bbd47fc00a2c39e90264f33305004495a9","hash":"a25ba3e71bda39046615719157658211447feecf"}
,"/Users/philippelattention/Code/owl-realworld-app/src/components/Pagination.js": {"path":"/Users/philippelattention/Code/owl-realworld-app/src/components/Pagination.js","statementMap":{"0":{"start":{"line":3,"column":0},"end":{"line":3,"column":62}},"1":{"start":{"line":5,"column":10},"end":{"line":5,"column":30}},"2":{"start":{"line":7,"column":28},"end":{"line":17,"column":1}},"3":{"start":{"line":19,"column":20},"end":{"line":19,"column":39}},"4":{"start":{"line":20,"column":17},"end":{"line":24,"column":3}},"5":{"start":{"line":26,"column":4},"end":{"line":26,"column":59}},"6":{"start":{"line":30,"column":4},"end":{"line":30,"column":66}},"7":{"start":{"line":34,"column":4},"end":{"line":36,"column":5}},"8":{"start":{"line":35,"column":6},"end":{"line":35,"column":13}},"9":{"start":{"line":37,"column":17},"end":{"line":37,"column":79}},"10":{"start":{"line":38,"column":4},"end":{"line":40,"column":7}},"11":{"start":{"line":44,"column":12},"end":{"line":44,"column":69}},"12":{"start":{"line":45,"column":12},"end":{"line":45,"column":33}},"13":{"start":{"line":46,"column":16},"end":{"line":46,"column":17}},"14":{"start":{"line":47,"column":14},"end":{"line":47,"column":16}},"15":{"start":{"line":48,"column":22},"end":{"line":48,"column":24}},"16":{"start":{"line":50,"column":4},"end":{"line":50,"column":18}},"17":{"start":{"line":51,"column":4},"end":{"line":55,"column":5}},"18":{"start":{"line":51,"column":17},"end":{"line":51,"column":26}},"19":{"start":{"line":52,"column":6},"end":{"line":54,"column":7}},"20":{"start":{"line":53,"column":8},"end":{"line":53,"column":22}},"21":{"start":{"line":56,"column":4},"end":{"line":56,"column":18}},"22":{"start":{"line":57,"column":4},"end":{"line":67,"column":5}},"23":{"start":{"line":58,"column":6},"end":{"line":64,"column":7}},"24":{"start":{"line":59,"column":8},"end":{"line":63,"column":9}},"25":{"start":{"line":60,"column":10},"end":{"line":60,"column":36}},"26":{"start":{"line":61,"column":15},"end":{"line":63,"column":9}},"27":{"start":{"line":62,"column":10},"end":{"line":62,"column":36}},"28":{"start":{"line":65,"column":6},"end":{"line":65,"column":28}},"29":{"start":{"line":66,"column":6},"end":{"line":66,"column":12}},"30":{"start":{"line":69,"column":4},"end":{"line":69,"column":25}},"31":{"start":{"line":73,"column":0},"end":{"line":73,"column":32}}},"fnMap":{"0":{"name":"(anonymous_0)","decl":{"start":{"line":25,"column":2},"end":{"line":25,"column":3}},"loc":{"start":{"line":25,"column":19},"end":{"line":27,"column":3}},"line":25},"1":{"name":"(anonymous_1)","decl":{"start":{"line":29,"column":2},"end":{"line":29,"column":3}},"loc":{"start":{"line":29,"column":19},"end":{"line":31,"column":3}},"line":29},"2":{"name":"(anonymous_2)","decl":{"start":{"line":33,"column":2},"end":{"line":33,"column":3}},"loc":{"start":{"line":33,"column":32},"end":{"line":41,"column":3}},"line":33},"3":{"name":"(anonymous_3)","decl":{"start":{"line":43,"column":2},"end":{"line":43,"column":3}},"loc":{"start":{"line":43,"column":18},"end":{"line":70,"column":3}},"line":43}},"branchMap":{"0":{"loc":{"start":{"line":34,"column":4},"end":{"line":36,"column":5}},"type":"if","locations":[{"start":{"line":34,"column":4},"end":{"line":36,"column":5}},{"start":{"line":34,"column":4},"end":{"line":36,"column":5}}],"line":34},"1":{"loc":{"start":{"line":52,"column":6},"end":{"line":54,"column":7}},"type":"if","locations":[{"start":{"line":52,"column":6},"end":{"line":54,"column":7}},{"start":{"line":52,"column":6},"end":{"line":54,"column":7}}],"line":52},"2":{"loc":{"start":{"line":52,"column":10},"end":{"line":52,"column":24}},"type":"binary-expr","locations":[{"start":{"line":52,"column":10},"end":{"line":52,"column":15}},{"start":{"line":52,"column":19},"end":{"line":52,"column":24}}],"line":52},"3":{"loc":{"start":{"line":58,"column":6},"end":{"line":64,"column":7}},"type":"if","locations":[{"start":{"line":58,"column":6},"end":{"line":64,"column":7}},{"start":{"line":58,"column":6},"end":{"line":64,"column":7}}],"line":58},"4":{"loc":{"start":{"line":59,"column":8},"end":{"line":63,"column":9}},"type":"if","locations":[{"start":{"line":59,"column":8},"end":{"line":63,"column":9}},{"start":{"line":59,"column":8},"end":{"line":63,"column":9}}],"line":59},"5":{"loc":{"start":{"line":61,"column":15},"end":{"line":63,"column":9}},"type":"if","locations":[{"start":{"line":61,"column":15},"end":{"line":63,"column":9}},{"start":{"line":61,"column":15},"end":{"line":63,"column":9}}],"line":61}},"s":{"0":2,"1":2,"2":2,"3":2,"4":2,"5":1,"6":0,"7":0,"8":0,"9":0,"10":0,"11":0,"12":0,"13":0,"14":0,"15":0,"16":0,"17":0,"18":0,"19":0,"20":0,"21":0,"22":0,"23":0,"24":0,"25":0,"26":0,"27":0,"28":0,"29":0,"30":0,"31":2},"f":{"0":1,"1":0,"2":0,"3":0},"b":{"0":[0,0],"1":[0,0],"2":[0,0],"3":[0,0],"4":[0,0],"5":[0,0]},"inputSourceMap":null,"_coverageSchema":"1a1c01bbd47fc00a2c39e90264f33305004495a9","hash":"f4080a7bc98a847890a037cd7cac52cf21234700"}
,"/Users/philippelattention/Code/owl-realworld-app/src/components/TagsCloud.js": {"path":"/Users/philippelattention/Code/owl-realworld-app/src/components/TagsCloud.js","statementMap":{"0":{"start":{"line":3,"column":0},"end":{"line":3,"column":62}},"1":{"start":{"line":5,"column":10},"end":{"line":5,"column":30}},"2":{"start":{"line":6,"column":13},"end":{"line":6,"column":39}},"3":{"start":{"line":8,"column":28},"end":{"line":22,"column":1}},"4":{"start":{"line":24,"column":20},"end":{"line":24,"column":39}},"5":{"start":{"line":25,"column":10},"end":{"line":28,"column":4}},"6":{"start":{"line":29,"column":15},"end":{"line":29,"column":30}},"7":{"start":{"line":32,"column":4},"end":{"line":32,"column":49}},"8":{"start":{"line":33,"column":19},"end":{"line":33,"column":50}},"9":{"start":{"line":34,"column":4},"end":{"line":34,"column":40}},"10":{"start":{"line":35,"column":4},"end":{"line":35,"column":50}},"11":{"start":{"line":39,"column":4},"end":{"line":39,"column":21}},"12":{"start":{"line":43,"column":4},"end":{"line":45,"column":7}},"13":{"start":{"line":49,"column":0},"end":{"line":49,"column":30}}},"fnMap":{"0":{"name":"(anonymous_0)","decl":{"start":{"line":31,"column":2},"end":{"line":31,"column":3}},"loc":{"start":{"line":31,"column":20},"end":{"line":36,"column":3}},"line":31},"1":{"name":"(anonymous_1)","decl":{"start":{"line":38,"column":2},"end":{"line":38,"column":3}},"loc":{"start":{"line":38,"column":20},"end":{"line":40,"column":3}},"line":38},"2":{"name":"(anonymous_2)","decl":{"start":{"line":42,"column":2},"end":{"line":42,"column":3}},"loc":{"start":{"line":42,"column":19},"end":{"line":46,"column":3}},"line":42}},"branchMap":{},"s":{"0":2,"1":2,"2":2,"3":2,"4":2,"5":1,"6":1,"7":1,"8":1,"9":1,"10":1,"11":1,"12":0,"13":2},"f":{"0":1,"1":1,"2":0},"b":{},"inputSourceMap":null,"_coverageSchema":"1a1c01bbd47fc00a2c39e90264f33305004495a9","hash":"131e72be747812a3b4d1ef661e9d0bb992c1040f"}
,"/Users/philippelattention/Code/owl-realworld-app/src/hooks/useApi.js": {"path":"/Users/philippelattention/Code/owl-realworld-app/src/hooks/useApi.js","statementMap":{"0":{"start":{"line":3,"column":0},"end":{"line":3,"column":62}},"1":{"start":{"line":5,"column":10},"end":{"line":5,"column":30}},"2":{"start":{"line":6,"column":12},"end":{"line":6,"column":31}},"3":{"start":{"line":8,"column":37},"end":{"line":8,"column":112}},"4":{"start":{"line":10,"column":34},"end":{"line":10,"column":62}},"5":{"start":{"line":12,"column":21},"end":{"line":12,"column":30}},"6":{"start":{"line":16,"column":17},"end":{"line":19,"column":5}},"7":{"start":{"line":20,"column":4},"end":{"line":22,"column":5}},"8":{"start":{"line":21,"column":6},"end":{"line":21,"column":59}},"9":{"start":{"line":23,"column":4},"end":{"line":23,"column":60}},"10":{"start":{"line":27,"column":19},"end":{"line":27,"column":21}},"11":{"start":{"line":28,"column":4},"end":{"line":39,"column":9}},"12":{"start":{"line":31,"column":8},"end":{"line":33,"column":9}},"13":{"start":{"line":32,"column":10},"end":{"line":32,"column":30}},"14":{"start":{"line":36,"column":8},"end":{"line":38,"column":9}},"15":{"start":{"line":37,"column":10},"end":{"line":37,"column":41}},"16":{"start":{"line":40,"column":4},"end":{"line":40,"column":20}},"17":{"start":{"line":43,"column":19},"end":{"line":43,"column":21}},"18":{"start":{"line":44,"column":4},"end":{"line":55,"column":9}},"19":{"start":{"line":47,"column":8},"end":{"line":49,"column":9}},"20":{"start":{"line":48,"column":10},"end":{"line":48,"column":35}},"21":{"start":{"line":52,"column":8},"end":{"line":54,"column":9}},"22":{"start":{"line":53,"column":10},"end":{"line":53,"column":41}},"23":{"start":{"line":56,"column":4},"end":{"line":56,"column":20}},"24":{"start":{"line":60,"column":19},"end":{"line":60,"column":21}},"25":{"start":{"line":61,"column":4},"end":{"line":77,"column":9}},"26":{"start":{"line":69,"column":8},"end":{"line":71,"column":9}},"27":{"start":{"line":70,"column":10},"end":{"line":70,"column":35}},"28":{"start":{"line":74,"column":8},"end":{"line":76,"column":9}},"29":{"start":{"line":75,"column":10},"end":{"line":75,"column":41}},"30":{"start":{"line":78,"column":4},"end":{"line":78,"column":20}},"31":{"start":{"line":81,"column":19},"end":{"line":81,"column":21}},"32":{"start":{"line":82,"column":4},"end":{"line":99,"column":9}},"33":{"start":{"line":91,"column":8},"end":{"line":93,"column":9}},"34":{"start":{"line":92,"column":10},"end":{"line":92,"column":35}},"35":{"start":{"line":96,"column":8},"end":{"line":98,"column":9}},"36":{"start":{"line":97,"column":10},"end":{"line":97,"column":41}},"37":{"start":{"line":100,"column":4},"end":{"line":100,"column":20}},"38":{"start":{"line":103,"column":19},"end":{"line":103,"column":21}},"39":{"start":{"line":104,"column":4},"end":{"line":117,"column":9}},"40":{"start":{"line":109,"column":8},"end":{"line":111,"column":9}},"41":{"start":{"line":110,"column":10},"end":{"line":110,"column":35}},"42":{"start":{"line":114,"column":8},"end":{"line":116,"column":9}},"43":{"start":{"line":115,"column":10},"end":{"line":115,"column":41}},"44":{"start":{"line":118,"column":4},"end":{"line":118,"column":20}},"45":{"start":{"line":121,"column":19},"end":{"line":121,"column":21}},"46":{"start":{"line":122,"column":4},"end":{"line":133,"column":9}},"47":{"start":{"line":125,"column":8},"end":{"line":127,"column":9}},"48":{"start":{"line":126,"column":10},"end":{"line":126,"column":30}},"49":{"start":{"line":130,"column":8},"end":{"line":132,"column":9}},"50":{"start":{"line":131,"column":10},"end":{"line":131,"column":41}},"51":{"start":{"line":134,"column":4},"end":{"line":134,"column":20}},"52":{"start":{"line":137,"column":19},"end":{"line":137,"column":21}},"53":{"start":{"line":138,"column":4},"end":{"line":151,"column":9}},"54":{"start":{"line":143,"column":8},"end":{"line":145,"column":9}},"55":{"start":{"line":144,"column":10},"end":{"line":144,"column":30}},"56":{"start":{"line":148,"column":8},"end":{"line":150,"column":9}},"57":{"start":{"line":149,"column":10},"end":{"line":149,"column":41}},"58":{"start":{"line":152,"column":4},"end":{"line":152,"column":20}},"59":{"start":{"line":155,"column":19},"end":{"line":155,"column":21}},"60":{"start":{"line":156,"column":4},"end":{"line":167,"column":9}},"61":{"start":{"line":159,"column":8},"end":{"line":161,"column":9}},"62":{"start":{"line":160,"column":10},"end":{"line":160,"column":30}},"63":{"start":{"line":164,"column":8},"end":{"line":166,"column":9}},"64":{"start":{"line":165,"column":10},"end":{"line":165,"column":41}},"65":{"start":{"line":168,"column":4},"end":{"line":168,"column":20}},"66":{"start":{"line":171,"column":19},"end":{"line":171,"column":21}},"67":{"start":{"line":172,"column":4},"end":{"line":185,"column":9}},"68":{"start":{"line":177,"column":8},"end":{"line":179,"column":9}},"69":{"start":{"line":178,"column":10},"end":{"line":178,"column":30}},"70":{"start":{"line":182,"column":8},"end":{"line":184,"column":9}},"71":{"start":{"line":183,"column":10},"end":{"line":183,"column":41}},"72":{"start":{"line":186,"column":4},"end":{"line":186,"column":20}},"73":{"start":{"line":189,"column":19},"end":{"line":189,"column":21}},"74":{"start":{"line":190,"column":4},"end":{"line":201,"column":9}},"75":{"start":{"line":193,"column":8},"end":{"line":195,"column":9}},"76":{"start":{"line":194,"column":10},"end":{"line":194,"column":30}},"77":{"start":{"line":198,"column":8},"end":{"line":200,"column":9}},"78":{"start":{"line":199,"column":10},"end":{"line":199,"column":41}},"79":{"start":{"line":202,"column":4},"end":{"line":202,"column":20}},"80":{"start":{"line":205,"column":19},"end":{"line":205,"column":21}},"81":{"start":{"line":206,"column":4},"end":{"line":217,"column":9}},"82":{"start":{"line":209,"column":8},"end":{"line":211,"column":9}},"83":{"start":{"line":210,"column":10},"end":{"line":210,"column":30}},"84":{"start":{"line":214,"column":8},"end":{"line":216,"column":9}},"85":{"start":{"line":215,"column":10},"end":{"line":215,"column":41}},"86":{"start":{"line":218,"column":4},"end":{"line":218,"column":20}},"87":{"start":{"line":221,"column":19},"end":{"line":221,"column":21}},"88":{"start":{"line":222,"column":4},"end":{"line":233,"column":9}},"89":{"start":{"line":225,"column":8},"end":{"line":227,"column":9}},"90":{"start":{"line":226,"column":10},"end":{"line":226,"column":30}},"91":{"start":{"line":230,"column":8},"end":{"line":232,"column":9}},"92":{"start":{"line":231,"column":10},"end":{"line":231,"column":41}},"93":{"start":{"line":234,"column":4},"end":{"line":234,"column":20}},"94":{"start":{"line":237,"column":19},"end":{"line":237,"column":21}},"95":{"start":{"line":238,"column":4},"end":{"line":249,"column":9}},"96":{"start":{"line":241,"column":8},"end":{"line":243,"column":9}},"97":{"start":{"line":242,"column":10},"end":{"line":242,"column":30}},"98":{"start":{"line":246,"column":8},"end":{"line":248,"column":9}},"99":{"start":{"line":247,"column":10},"end":{"line":247,"column":41}},"100":{"start":{"line":250,"column":4},"end":{"line":250,"column":20}},"101":{"start":{"line":253,"column":19},"end":{"line":253,"column":21}},"102":{"start":{"line":254,"column":4},"end":{"line":269,"column":9}},"103":{"start":{"line":261,"column":8},"end":{"line":263,"column":9}},"104":{"start":{"line":262,"column":10},"end":{"line":262,"column":30}},"105":{"start":{"line":266,"column":8},"end":{"line":268,"column":9}},"106":{"start":{"line":267,"column":10},"end":{"line":267,"column":41}},"107":{"start":{"line":270,"column":4},"end":{"line":270,"column":20}},"108":{"start":{"line":273,"column":19},"end":{"line":273,"column":21}},"109":{"start":{"line":274,"column":4},"end":{"line":285,"column":9}},"110":{"start":{"line":277,"column":8},"end":{"line":279,"column":9}},"111":{"start":{"line":278,"column":10},"end":{"line":278,"column":30}},"112":{"start":{"line":282,"column":8},"end":{"line":284,"column":9}},"113":{"start":{"line":283,"column":10},"end":{"line":283,"column":41}},"114":{"start":{"line":286,"column":4},"end":{"line":286,"column":20}},"115":{"start":{"line":289,"column":19},"end":{"line":289,"column":21}},"116":{"start":{"line":290,"column":4},"end":{"line":301,"column":9}},"117":{"start":{"line":293,"column":8},"end":{"line":295,"column":9}},"118":{"start":{"line":294,"column":10},"end":{"line":294,"column":30}},"119":{"start":{"line":298,"column":8},"end":{"line":300,"column":9}},"120":{"start":{"line":299,"column":10},"end":{"line":299,"column":41}},"121":{"start":{"line":302,"column":4},"end":{"line":302,"column":20}},"122":{"start":{"line":305,"column":19},"end":{"line":305,"column":21}},"123":{"start":{"line":306,"column":4},"end":{"line":317,"column":9}},"124":{"start":{"line":309,"column":8},"end":{"line":311,"column":9}},"125":{"start":{"line":310,"column":10},"end":{"line":310,"column":30}},"126":{"start":{"line":314,"column":8},"end":{"line":316,"column":9}},"127":{"start":{"line":315,"column":10},"end":{"line":315,"column":41}},"128":{"start":{"line":318,"column":4},"end":{"line":318,"column":20}},"129":{"start":{"line":321,"column":19},"end":{"line":321,"column":21}},"130":{"start":{"line":322,"column":4},"end":{"line":333,"column":9}},"131":{"start":{"line":325,"column":8},"end":{"line":327,"column":9}},"132":{"start":{"line":326,"column":10},"end":{"line":326,"column":30}},"133":{"start":{"line":330,"column":8},"end":{"line":332,"column":9}},"134":{"start":{"line":331,"column":10},"end":{"line":331,"column":41}},"135":{"start":{"line":334,"column":4},"end":{"line":334,"column":20}},"136":{"start":{"line":337,"column":19},"end":{"line":337,"column":21}},"137":{"start":{"line":338,"column":4},"end":{"line":349,"column":9}},"138":{"start":{"line":341,"column":8},"end":{"line":343,"column":9}},"139":{"start":{"line":342,"column":10},"end":{"line":342,"column":30}},"140":{"start":{"line":346,"column":8},"end":{"line":348,"column":9}},"141":{"start":{"line":347,"column":10},"end":{"line":347,"column":41}},"142":{"start":{"line":350,"column":4},"end":{"line":350,"column":20}},"143":{"start":{"line":354,"column":15},"end":{"line":354,"column":46}},"144":{"start":{"line":354,"column":35},"end":{"line":354,"column":45}},"145":{"start":{"line":355,"column":14},"end":{"line":355,"column":16}},"146":{"start":{"line":356,"column":2},"end":{"line":358,"column":3}},"147":{"start":{"line":357,"column":4},"end":{"line":357,"column":23}},"148":{"start":{"line":359,"column":2},"end":{"line":359,"column":31}},"149":{"start":{"line":362,"column":0},"end":{"line":362,"column":32}},"150":{"start":{"line":363,"column":0},"end":{"line":363,"column":24}}},"fnMap":{"0":{"name":"_interopDefaultLegacy","decl":{"start":{"line":8,"column":9},"end":{"line":8,"column":30}},"loc":{"start":{"line":8,"column":35},"end":{"line":8,"column":114}},"line":8},"1":{"name":"(anonymous_1)","decl":{"start":{"line":15,"column":2},"end":{"line":15,"column":3}},"loc":{"start":{"line":15,"column":21},"end":{"line":24,"column":3}},"line":15},"2":{"name":"(anonymous_2)","decl":{"start":{"line":26,"column":2},"end":{"line":26,"column":3}},"loc":{"start":{"line":26,"column":29},"end":{"line":41,"column":3}},"line":26},"3":{"name":"(anonymous_3)","decl":{"start":{"line":30,"column":12},"end":{"line":30,"column":13}},"loc":{"start":{"line":30,"column":21},"end":{"line":34,"column":7}},"line":30},"4":{"name":"(anonymous_4)","decl":{"start":{"line":35,"column":13},"end":{"line":35,"column":14}},"loc":{"start":{"line":35,"column":24},"end":{"line":39,"column":7}},"line":35},"5":{"name":"(anonymous_5)","decl":{"start":{"line":42,"column":2},"end":{"line":42,"column":3}},"loc":{"start":{"line":42,"column":15},"end":{"line":57,"column":3}},"line":42},"6":{"name":"(anonymous_6)","decl":{"start":{"line":46,"column":12},"end":{"line":46,"column":13}},"loc":{"start":{"line":46,"column":21},"end":{"line":50,"column":7}},"line":46},"7":{"name":"(anonymous_7)","decl":{"start":{"line":51,"column":13},"end":{"line":51,"column":14}},"loc":{"start":{"line":51,"column":24},"end":{"line":55,"column":7}},"line":51},"8":{"name":"(anonymous_8)","decl":{"start":{"line":59,"column":2},"end":{"line":59,"column":3}},"loc":{"start":{"line":59,"column":31},"end":{"line":79,"column":3}},"line":59},"9":{"name":"(anonymous_9)","decl":{"start":{"line":68,"column":12},"end":{"line":68,"column":13}},"loc":{"start":{"line":68,"column":21},"end":{"line":72,"column":7}},"line":68},"10":{"name":"(anonymous_10)","decl":{"start":{"line":73,"column":13},"end":{"line":73,"column":14}},"loc":{"start":{"line":73,"column":24},"end":{"line":77,"column":7}},"line":73},"11":{"name":"(anonymous_11)","decl":{"start":{"line":80,"column":2},"end":{"line":80,"column":3}},"loc":{"start":{"line":80,"column":44},"end":{"line":101,"column":3}},"line":80},"12":{"name":"(anonymous_12)","decl":{"start":{"line":90,"column":12},"end":{"line":90,"column":13}},"loc":{"start":{"line":90,"column":21},"end":{"line":94,"column":7}},"line":90},"13":{"name":"(anonymous_13)","decl":{"start":{"line":95,"column":13},"end":{"line":95,"column":14}},"loc":{"start":{"line":95,"column":24},"end":{"line":99,"column":7}},"line":95},"14":{"name":"(anonymous_14)","decl":{"start":{"line":102,"column":2},"end":{"line":102,"column":3}},"loc":{"start":{"line":102,"column":29},"end":{"line":119,"column":3}},"line":102},"15":{"name":"(anonymous_15)","decl":{"start":{"line":108,"column":12},"end":{"line":108,"column":13}},"loc":{"start":{"line":108,"column":21},"end":{"line":112,"column":7}},"line":108},"16":{"name":"(anonymous_16)","decl":{"start":{"line":113,"column":13},"end":{"line":113,"column":14}},"loc":{"start":{"line":113,"column":24},"end":{"line":117,"column":7}},"line":113},"17":{"name":"(anonymous_17)","decl":{"start":{"line":120,"column":2},"end":{"line":120,"column":3}},"loc":{"start":{"line":120,"column":25},"end":{"line":135,"column":3}},"line":120},"18":{"name":"(anonymous_18)","decl":{"start":{"line":124,"column":12},"end":{"line":124,"column":13}},"loc":{"start":{"line":124,"column":21},"end":{"line":128,"column":7}},"line":124},"19":{"name":"(anonymous_19)","decl":{"start":{"line":129,"column":13},"end":{"line":129,"column":14}},"loc":{"start":{"line":129,"column":24},"end":{"line":133,"column":7}},"line":129},"20":{"name":"(anonymous_20)","decl":{"start":{"line":136,"column":2},"end":{"line":136,"column":3}},"loc":{"start":{"line":136,"column":37},"end":{"line":153,"column":3}},"line":136},"21":{"name":"(anonymous_21)","decl":{"start":{"line":142,"column":12},"end":{"line":142,"column":13}},"loc":{"start":{"line":142,"column":21},"end":{"line":146,"column":7}},"line":142},"22":{"name":"(anonymous_22)","decl":{"start":{"line":147,"column":13},"end":{"line":147,"column":14}},"loc":{"start":{"line":147,"column":24},"end":{"line":151,"column":7}},"line":147},"23":{"name":"(anonymous_23)","decl":{"start":{"line":154,"column":2},"end":{"line":154,"column":3}},"loc":{"start":{"line":154,"column":28},"end":{"line":169,"column":3}},"line":154},"24":{"name":"(anonymous_24)","decl":{"start":{"line":158,"column":12},"end":{"line":158,"column":13}},"loc":{"start":{"line":158,"column":21},"end":{"line":162,"column":7}},"line":158},"25":{"name":"(anonymous_25)","decl":{"start":{"line":163,"column":13},"end":{"line":163,"column":14}},"loc":{"start":{"line":163,"column":24},"end":{"line":167,"column":7}},"line":163},"26":{"name":"(anonymous_26)","decl":{"start":{"line":170,"column":2},"end":{"line":170,"column":3}},"loc":{"start":{"line":170,"column":31},"end":{"line":187,"column":3}},"line":170},"27":{"name":"(anonymous_27)","decl":{"start":{"line":176,"column":12},"end":{"line":176,"column":13}},"loc":{"start":{"line":176,"column":21},"end":{"line":180,"column":7}},"line":176},"28":{"name":"(anonymous_28)","decl":{"start":{"line":181,"column":13},"end":{"line":181,"column":14}},"loc":{"start":{"line":181,"column":24},"end":{"line":185,"column":7}},"line":181},"29":{"name":"(anonymous_29)","decl":{"start":{"line":188,"column":2},"end":{"line":188,"column":3}},"loc":{"start":{"line":188,"column":34},"end":{"line":203,"column":3}},"line":188},"30":{"name":"(anonymous_30)","decl":{"start":{"line":192,"column":12},"end":{"line":192,"column":13}},"loc":{"start":{"line":192,"column":21},"end":{"line":196,"column":7}},"line":192},"31":{"name":"(anonymous_31)","decl":{"start":{"line":197,"column":13},"end":{"line":197,"column":14}},"loc":{"start":{"line":197,"column":24},"end":{"line":201,"column":7}},"line":197},"32":{"name":"(anonymous_32)","decl":{"start":{"line":204,"column":2},"end":{"line":204,"column":3}},"loc":{"start":{"line":204,"column":38},"end":{"line":219,"column":3}},"line":204},"33":{"name":"(anonymous_33)","decl":{"start":{"line":208,"column":12},"end":{"line":208,"column":13}},"loc":{"start":{"line":208,"column":21},"end":{"line":212,"column":7}},"line":208},"34":{"name":"(anonymous_34)","decl":{"start":{"line":213,"column":13},"end":{"line":213,"column":14}},"loc":{"start":{"line":213,"column":24},"end":{"line":217,"column":7}},"line":213},"35":{"name":"(anonymous_35)","decl":{"start":{"line":220,"column":2},"end":{"line":220,"column":3}},"loc":{"start":{"line":220,"column":18},"end":{"line":235,"column":3}},"line":220},"36":{"name":"(anonymous_36)","decl":{"start":{"line":224,"column":12},"end":{"line":224,"column":13}},"loc":{"start":{"line":224,"column":21},"end":{"line":228,"column":7}},"line":224},"37":{"name":"(anonymous_37)","decl":{"start":{"line":229,"column":13},"end":{"line":229,"column":14}},"loc":{"start":{"line":229,"column":24},"end":{"line":233,"column":7}},"line":229},"38":{"name":"(anonymous_38)","decl":{"start":{"line":236,"column":2},"end":{"line":236,"column":3}},"loc":{"start":{"line":236,"column":26},"end":{"line":251,"column":3}},"line":236},"39":{"name":"(anonymous_39)","decl":{"start":{"line":240,"column":12},"end":{"line":240,"column":13}},"loc":{"start":{"line":240,"column":21},"end":{"line":244,"column":7}},"line":240},"40":{"name":"(anonymous_40)","decl":{"start":{"line":245,"column":13},"end":{"line":245,"column":14}},"loc":{"start":{"line":245,"column":24},"end":{"line":249,"column":7}},"line":245},"41":{"name":"(anonymous_41)","decl":{"start":{"line":252,"column":2},"end":{"line":252,"column":3}},"loc":{"start":{"line":252,"column":31},"end":{"line":271,"column":3}},"line":252},"42":{"name":"(anonymous_42)","decl":{"start":{"line":260,"column":12},"end":{"line":260,"column":13}},"loc":{"start":{"line":260,"column":21},"end":{"line":264,"column":7}},"line":260},"43":{"name":"(anonymous_43)","decl":{"start":{"line":265,"column":13},"end":{"line":265,"column":14}},"loc":{"start":{"line":265,"column":24},"end":{"line":269,"column":7}},"line":265},"44":{"name":"(anonymous_44)","decl":{"start":{"line":272,"column":2},"end":{"line":272,"column":3}},"loc":{"start":{"line":272,"column":39},"end":{"line":287,"column":3}},"line":272},"45":{"name":"(anonymous_45)","decl":{"start":{"line":276,"column":12},"end":{"line":276,"column":13}},"loc":{"start":{"line":276,"column":21},"end":{"line":280,"column":7}},"line":276},"46":{"name":"(anonymous_46)","decl":{"start":{"line":281,"column":13},"end":{"line":281,"column":14}},"loc":{"start":{"line":281,"column":24},"end":{"line":285,"column":7}},"line":281},"47":{"name":"(anonymous_47)","decl":{"start":{"line":288,"column":2},"end":{"line":288,"column":3}},"loc":{"start":{"line":288,"column":32},"end":{"line":303,"column":3}},"line":288},"48":{"name":"(anonymous_48)","decl":{"start":{"line":292,"column":12},"end":{"line":292,"column":13}},"loc":{"start":{"line":292,"column":21},"end":{"line":296,"column":7}},"line":292},"49":{"name":"(anonymous_49)","decl":{"start":{"line":297,"column":13},"end":{"line":297,"column":14}},"loc":{"start":{"line":297,"column":24},"end":{"line":301,"column":7}},"line":297},"50":{"name":"(anonymous_50)","decl":{"start":{"line":304,"column":2},"end":{"line":304,"column":3}},"loc":{"start":{"line":304,"column":30},"end":{"line":319,"column":3}},"line":304},"51":{"name":"(anonymous_51)","decl":{"start":{"line":308,"column":12},"end":{"line":308,"column":13}},"loc":{"start":{"line":308,"column":21},"end":{"line":312,"column":7}},"line":308},"52":{"name":"(anonymous_52)","decl":{"start":{"line":313,"column":13},"end":{"line":313,"column":14}},"loc":{"start":{"line":313,"column":24},"end":{"line":317,"column":7}},"line":313},"53":{"name":"(anonymous_53)","decl":{"start":{"line":320,"column":2},"end":{"line":320,"column":3}},"loc":{"start":{"line":320,"column":29},"end":{"line":335,"column":3}},"line":320},"54":{"name":"(anonymous_54)","decl":{"start":{"line":324,"column":12},"end":{"line":324,"column":13}},"loc":{"start":{"line":324,"column":21},"end":{"line":328,"column":7}},"line":324},"55":{"name":"(anonymous_55)","decl":{"start":{"line":329,"column":13},"end":{"line":329,"column":14}},"loc":{"start":{"line":329,"column":24},"end":{"line":333,"column":7}},"line":329},"56":{"name":"(anonymous_56)","decl":{"start":{"line":336,"column":2},"end":{"line":336,"column":3}},"loc":{"start":{"line":336,"column":31},"end":{"line":351,"column":3}},"line":336},"57":{"name":"(anonymous_57)","decl":{"start":{"line":340,"column":12},"end":{"line":340,"column":13}},"loc":{"start":{"line":340,"column":21},"end":{"line":344,"column":7}},"line":340},"58":{"name":"(anonymous_58)","decl":{"start":{"line":345,"column":13},"end":{"line":345,"column":14}},"loc":{"start":{"line":345,"column":24},"end":{"line":349,"column":7}},"line":345},"59":{"name":"useApi","decl":{"start":{"line":353,"column":9},"end":{"line":353,"column":15}},"loc":{"start":{"line":353,"column":18},"end":{"line":360,"column":1}},"line":353},"60":{"name":"(anonymous_60)","decl":{"start":{"line":354,"column":24},"end":{"line":354,"column":25}},"loc":{"start":{"line":354,"column":35},"end":{"line":354,"column":45}},"line":354}},"branchMap":{"0":{"loc":{"start":{"line":8,"column":44},"end":{"line":8,"column":111}},"type":"cond-expr","locations":[{"start":{"line":8,"column":91},"end":{"line":8,"column":92}},{"start":{"line":8,"column":95},"end":{"line":8,"column":111}}],"line":8},"1":{"loc":{"start":{"line":8,"column":44},"end":{"line":8,"column":88}},"type":"binary-expr","locations":[{"start":{"line":8,"column":44},"end":{"line":8,"column":45}},{"start":{"line":8,"column":49},"end":{"line":8,"column":70}},{"start":{"line":8,"column":74},"end":{"line":8,"column":88}}],"line":8},"2":{"loc":{"start":{"line":20,"column":4},"end":{"line":22,"column":5}},"type":"if","locations":[{"start":{"line":20,"column":4},"end":{"line":22,"column":5}},{"start":{"line":20,"column":4},"end":{"line":22,"column":5}}],"line":20},"3":{"loc":{"start":{"line":31,"column":8},"end":{"line":33,"column":9}},"type":"if","locations":[{"start":{"line":31,"column":8},"end":{"line":33,"column":9}},{"start":{"line":31,"column":8},"end":{"line":33,"column":9}}],"line":31},"4":{"loc":{"start":{"line":31,"column":12},"end":{"line":31,"column":32}},"type":"binary-expr","locations":[{"start":{"line":31,"column":12},"end":{"line":31,"column":20}},{"start":{"line":31,"column":24},"end":{"line":31,"column":32}}],"line":31},"5":{"loc":{"start":{"line":36,"column":8},"end":{"line":38,"column":9}},"type":"if","locations":[{"start":{"line":36,"column":8},"end":{"line":38,"column":9}},{"start":{"line":36,"column":8},"end":{"line":38,"column":9}}],"line":36},"6":{"loc":{"start":{"line":36,"column":12},"end":{"line":36,"column":35}},"type":"binary-expr","locations":[{"start":{"line":36,"column":12},"end":{"line":36,"column":17}},{"start":{"line":36,"column":21},"end":{"line":36,"column":35}}],"line":36},"7":{"loc":{"start":{"line":47,"column":8},"end":{"line":49,"column":9}},"type":"if","locations":[{"start":{"line":47,"column":8},"end":{"line":49,"column":9}},{"start":{"line":47,"column":8},"end":{"line":49,"column":9}}],"line":47},"8":{"loc":{"start":{"line":47,"column":12},"end":{"line":47,"column":37}},"type":"binary-expr","locations":[{"start":{"line":47,"column":12},"end":{"line":47,"column":20}},{"start":{"line":47,"column":24},"end":{"line":47,"column":37}}],"line":47},"9":{"loc":{"start":{"line":52,"column":8},"end":{"line":54,"column":9}},"type":"if","locations":[{"start":{"line":52,"column":8},"end":{"line":54,"column":9}},{"start":{"line":52,"column":8},"end":{"line":54,"column":9}}],"line":52},"10":{"loc":{"start":{"line":52,"column":12},"end":{"line":52,"column":35}},"type":"binary-expr","locations":[{"start":{"line":52,"column":12},"end":{"line":52,"column":17}},{"start":{"line":52,"column":21},"end":{"line":52,"column":35}}],"line":52},"11":{"loc":{"start":{"line":69,"column":8},"end":{"line":71,"column":9}},"type":"if","locations":[{"start":{"line":69,"column":8},"end":{"line":71,"column":9}},{"start":{"line":69,"column":8},"end":{"line":71,"column":9}}],"line":69},"12":{"loc":{"start":{"line":69,"column":12},"end":{"line":69,"column":37}},"type":"binary-expr","locations":[{"start":{"line":69,"column":12},"end":{"line":69,"column":20}},{"start":{"line":69,"column":24},"end":{"line":69,"column":37}}],"line":69},"13":{"loc":{"start":{"line":74,"column":8},"end":{"line":76,"column":9}},"type":"if","locations":[{"start":{"line":74,"column":8},"end":{"line":76,"column":9}},{"start":{"line":74,"column":8},"end":{"line":76,"column":9}}],"line":74},"14":{"loc":{"start":{"line":74,"column":12},"end":{"line":74,"column":35}},"type":"binary-expr","locations":[{"start":{"line":74,"column":12},"end":{"line":74,"column":17}},{"start":{"line":74,"column":21},"end":{"line":74,"column":35}}],"line":74},"15":{"loc":{"start":{"line":91,"column":8},"end":{"line":93,"column":9}},"type":"if","locations":[{"start":{"line":91,"column":8},"end":{"line":93,"column":9}},{"start":{"line":91,"column":8},"end":{"line":93,"column":9}}],"line":91},"16":{"loc":{"start":{"line":91,"column":12},"end":{"line":91,"column":37}},"type":"binary-expr","locations":[{"start":{"line":91,"column":12},"end":{"line":91,"column":20}},{"start":{"line":91,"column":24},"end":{"line":91,"column":37}}],"line":91},"17":{"loc":{"start":{"line":96,"column":8},"end":{"line":98,"column":9}},"type":"if","locations":[{"start":{"line":96,"column":8},"end":{"line":98,"column":9}},{"start":{"line":96,"column":8},"end":{"line":98,"column":9}}],"line":96},"18":{"loc":{"start":{"line":96,"column":12},"end":{"line":96,"column":35}},"type":"binary-expr","locations":[{"start":{"line":96,"column":12},"end":{"line":96,"column":17}},{"start":{"line":96,"column":21},"end":{"line":96,"column":35}}],"line":96},"19":{"loc":{"start":{"line":109,"column":8},"end":{"line":111,"column":9}},"type":"if","locations":[{"start":{"line":109,"column":8},"end":{"line":111,"column":9}},{"start":{"line":109,"column":8},"end":{"line":111,"column":9}}],"line":109},"20":{"loc":{"start":{"line":109,"column":12},"end":{"line":109,"column":37}},"type":"binary-expr","locations":[{"start":{"line":109,"column":12},"end":{"line":109,"column":20}},{"start":{"line":109,"column":24},"end":{"line":109,"column":37}}],"line":109},"21":{"loc":{"start":{"line":114,"column":8},"end":{"line":116,"column":9}},"type":"if","locations":[{"start":{"line":114,"column":8},"end":{"line":116,"column":9}},{"start":{"line":114,"column":8},"end":{"line":116,"column":9}}],"line":114},"22":{"loc":{"start":{"line":114,"column":12},"end":{"line":114,"column":35}},"type":"binary-expr","locations":[{"start":{"line":114,"column":12},"end":{"line":114,"column":17}},{"start":{"line":114,"column":21},"end":{"line":114,"column":35}}],"line":114},"23":{"loc":{"start":{"line":125,"column":8},"end":{"line":127,"column":9}},"type":"if","locations":[{"start":{"line":125,"column":8},"end":{"line":127,"column":9}},{"start":{"line":125,"column":8},"end":{"line":127,"column":9}}],"line":125},"24":{"loc":{"start":{"line":125,"column":12},"end":{"line":125,"column":32}},"type":"binary-expr","locations":[{"start":{"line":125,"column":12},"end":{"line":125,"column":20}},{"start":{"line":125,"column":24},"end":{"line":125,"column":32}}],"line":125},"25":{"loc":{"start":{"line":130,"column":8},"end":{"line":132,"column":9}},"type":"if","locations":[{"start":{"line":130,"column":8},"end":{"line":132,"column":9}},{"start":{"line":130,"column":8},"end":{"line":132,"column":9}}],"line":130},"26":{"loc":{"start":{"line":130,"column":12},"end":{"line":130,"column":35}},"type":"binary-expr","locations":[{"start":{"line":130,"column":12},"end":{"line":130,"column":17}},{"start":{"line":130,"column":21},"end":{"line":130,"column":35}}],"line":130},"27":{"loc":{"start":{"line":143,"column":8},"end":{"line":145,"column":9}},"type":"if","locations":[{"start":{"line":143,"column":8},"end":{"line":145,"column":9}},{"start":{"line":143,"column":8},"end":{"line":145,"column":9}}],"line":143},"28":{"loc":{"start":{"line":143,"column":12},"end":{"line":143,"column":32}},"type":"binary-expr","locations":[{"start":{"line":143,"column":12},"end":{"line":143,"column":20}},{"start":{"line":143,"column":24},"end":{"line":143,"column":32}}],"line":143},"29":{"loc":{"start":{"line":148,"column":8},"end":{"line":150,"column":9}},"type":"if","locations":[{"start":{"line":148,"column":8},"end":{"line":150,"column":9}},{"start":{"line":148,"column":8},"end":{"line":150,"column":9}}],"line":148},"30":{"loc":{"start":{"line":148,"column":12},"end":{"line":148,"column":35}},"type":"binary-expr","locations":[{"start":{"line":148,"column":12},"end":{"line":148,"column":17}},{"start":{"line":148,"column":21},"end":{"line":148,"column":35}}],"line":148},"31":{"loc":{"start":{"line":159,"column":8},"end":{"line":161,"column":9}},"type":"if","locations":[{"start":{"line":159,"column":8},"end":{"line":161,"column":9}},{"start":{"line":159,"column":8},"end":{"line":161,"column":9}}],"line":159},"32":{"loc":{"start":{"line":159,"column":12},"end":{"line":159,"column":32}},"type":"binary-expr","locations":[{"start":{"line":159,"column":12},"end":{"line":159,"column":20}},{"start":{"line":159,"column":24},"end":{"line":159,"column":32}}],"line":159},"33":{"loc":{"start":{"line":164,"column":8},"end":{"line":166,"column":9}},"type":"if","locations":[{"start":{"line":164,"column":8},"end":{"line":166,"column":9}},{"start":{"line":164,"column":8},"end":{"line":166,"column":9}}],"line":164},"34":{"loc":{"start":{"line":164,"column":12},"end":{"line":164,"column":35}},"type":"binary-expr","locations":[{"start":{"line":164,"column":12},"end":{"line":164,"column":17}},{"start":{"line":164,"column":21},"end":{"line":164,"column":35}}],"line":164},"35":{"loc":{"start":{"line":177,"column":8},"end":{"line":179,"column":9}},"type":"if","locations":[{"start":{"line":177,"column":8},"end":{"line":179,"column":9}},{"start":{"line":177,"column":8},"end":{"line":179,"column":9}}],"line":177},"36":{"loc":{"start":{"line":177,"column":12},"end":{"line":177,"column":32}},"type":"binary-expr","locations":[{"start":{"line":177,"column":12},"end":{"line":177,"column":20}},{"start":{"line":177,"column":24},"end":{"line":177,"column":32}}],"line":177},"37":{"loc":{"start":{"line":182,"column":8},"end":{"line":184,"column":9}},"type":"if","locations":[{"start":{"line":182,"column":8},"end":{"line":184,"column":9}},{"start":{"line":182,"column":8},"end":{"line":184,"column":9}}],"line":182},"38":{"loc":{"start":{"line":182,"column":12},"end":{"line":182,"column":35}},"type":"binary-expr","locations":[{"start":{"line":182,"column":12},"end":{"line":182,"column":17}},{"start":{"line":182,"column":21},"end":{"line":182,"column":35}}],"line":182},"39":{"loc":{"start":{"line":193,"column":8},"end":{"line":195,"column":9}},"type":"if","locations":[{"start":{"line":193,"column":8},"end":{"line":195,"column":9}},{"start":{"line":193,"column":8},"end":{"line":195,"column":9}}],"line":193},"40":{"loc":{"start":{"line":193,"column":12},"end":{"line":193,"column":32}},"type":"binary-expr","locations":[{"start":{"line":193,"column":12},"end":{"line":193,"column":20}},{"start":{"line":193,"column":24},"end":{"line":193,"column":32}}],"line":193},"41":{"loc":{"start":{"line":198,"column":8},"end":{"line":200,"column":9}},"type":"if","locations":[{"start":{"line":198,"column":8},"end":{"line":200,"column":9}},{"start":{"line":198,"column":8},"end":{"line":200,"column":9}}],"line":198},"42":{"loc":{"start":{"line":198,"column":12},"end":{"line":198,"column":35}},"type":"binary-expr","locations":[{"start":{"line":198,"column":12},"end":{"line":198,"column":17}},{"start":{"line":198,"column":21},"end":{"line":198,"column":35}}],"line":198},"43":{"loc":{"start":{"line":209,"column":8},"end":{"line":211,"column":9}},"type":"if","locations":[{"start":{"line":209,"column":8},"end":{"line":211,"column":9}},{"start":{"line":209,"column":8},"end":{"line":211,"column":9}}],"line":209},"44":{"loc":{"start":{"line":209,"column":12},"end":{"line":209,"column":32}},"type":"binary-expr","locations":[{"start":{"line":209,"column":12},"end":{"line":209,"column":20}},{"start":{"line":209,"column":24},"end":{"line":209,"column":32}}],"line":209},"45":{"loc":{"start":{"line":214,"column":8},"end":{"line":216,"column":9}},"type":"if","locations":[{"start":{"line":214,"column":8},"end":{"line":216,"column":9}},{"start":{"line":214,"column":8},"end":{"line":216,"column":9}}],"line":214},"46":{"loc":{"start":{"line":214,"column":12},"end":{"line":214,"column":35}},"type":"binary-expr","locations":[{"start":{"line":214,"column":12},"end":{"line":214,"column":17}},{"start":{"line":214,"column":21},"end":{"line":214,"column":35}}],"line":214},"47":{"loc":{"start":{"line":225,"column":8},"end":{"line":227,"column":9}},"type":"if","locations":[{"start":{"line":225,"column":8},"end":{"line":227,"column":9}},{"start":{"line":225,"column":8},"end":{"line":227,"column":9}}],"line":225},"48":{"loc":{"start":{"line":225,"column":12},"end":{"line":225,"column":32}},"type":"binary-expr","locations":[{"start":{"line":225,"column":12},"end":{"line":225,"column":20}},{"start":{"line":225,"column":24},"end":{"line":225,"column":32}}],"line":225},"49":{"loc":{"start":{"line":230,"column":8},"end":{"line":232,"column":9}},"type":"if","locations":[{"start":{"line":230,"column":8},"end":{"line":232,"column":9}},{"start":{"line":230,"column":8},"end":{"line":232,"column":9}}],"line":230},"50":{"loc":{"start":{"line":230,"column":12},"end":{"line":230,"column":35}},"type":"binary-expr","locations":[{"start":{"line":230,"column":12},"end":{"line":230,"column":17}},{"start":{"line":230,"column":21},"end":{"line":230,"column":35}}],"line":230},"51":{"loc":{"start":{"line":241,"column":8},"end":{"line":243,"column":9}},"type":"if","locations":[{"start":{"line":241,"column":8},"end":{"line":243,"column":9}},{"start":{"line":241,"column":8},"end":{"line":243,"column":9}}],"line":241},"52":{"loc":{"start":{"line":241,"column":12},"end":{"line":241,"column":32}},"type":"binary-expr","locations":[{"start":{"line":241,"column":12},"end":{"line":241,"column":20}},{"start":{"line":241,"column":24},"end":{"line":241,"column":32}}],"line":241},"53":{"loc":{"start":{"line":246,"column":8},"end":{"line":248,"column":9}},"type":"if","locations":[{"start":{"line":246,"column":8},"end":{"line":248,"column":9}},{"start":{"line":246,"column":8},"end":{"line":248,"column":9}}],"line":246},"54":{"loc":{"start":{"line":246,"column":12},"end":{"line":246,"column":35}},"type":"binary-expr","locations":[{"start":{"line":246,"column":12},"end":{"line":246,"column":17}},{"start":{"line":246,"column":21},"end":{"line":246,"column":35}}],"line":246},"55":{"loc":{"start":{"line":261,"column":8},"end":{"line":263,"column":9}},"type":"if","locations":[{"start":{"line":261,"column":8},"end":{"line":263,"column":9}},{"start":{"line":261,"column":8},"end":{"line":263,"column":9}}],"line":261},"56":{"loc":{"start":{"line":261,"column":12},"end":{"line":261,"column":32}},"type":"binary-expr","locations":[{"start":{"line":261,"column":12},"end":{"line":261,"column":20}},{"start":{"line":261,"column":24},"end":{"line":261,"column":32}}],"line":261},"57":{"loc":{"start":{"line":266,"column":8},"end":{"line":268,"column":9}},"type":"if","locations":[{"start":{"line":266,"column":8},"end":{"line":268,"column":9}},{"start":{"line":266,"column":8},"end":{"line":268,"column":9}}],"line":266},"58":{"loc":{"start":{"line":266,"column":12},"end":{"line":266,"column":35}},"type":"binary-expr","locations":[{"start":{"line":266,"column":12},"end":{"line":266,"column":17}},{"start":{"line":266,"column":21},"end":{"line":266,"column":35}}],"line":266},"59":{"loc":{"start":{"line":277,"column":8},"end":{"line":279,"column":9}},"type":"if","locations":[{"start":{"line":277,"column":8},"end":{"line":279,"column":9}},{"start":{"line":277,"column":8},"end":{"line":279,"column":9}}],"line":277},"60":{"loc":{"start":{"line":277,"column":12},"end":{"line":277,"column":32}},"type":"binary-expr","locations":[{"start":{"line":277,"column":12},"end":{"line":277,"column":20}},{"start":{"line":277,"column":24},"end":{"line":277,"column":32}}],"line":277},"61":{"loc":{"start":{"line":282,"column":8},"end":{"line":284,"column":9}},"type":"if","locations":[{"start":{"line":282,"column":8},"end":{"line":284,"column":9}},{"start":{"line":282,"column":8},"end":{"line":284,"column":9}}],"line":282},"62":{"loc":{"start":{"line":282,"column":12},"end":{"line":282,"column":35}},"type":"binary-expr","locations":[{"start":{"line":282,"column":12},"end":{"line":282,"column":17}},{"start":{"line":282,"column":21},"end":{"line":282,"column":35}}],"line":282},"63":{"loc":{"start":{"line":293,"column":8},"end":{"line":295,"column":9}},"type":"if","locations":[{"start":{"line":293,"column":8},"end":{"line":295,"column":9}},{"start":{"line":293,"column":8},"end":{"line":295,"column":9}}],"line":293},"64":{"loc":{"start":{"line":293,"column":12},"end":{"line":293,"column":32}},"type":"binary-expr","locations":[{"start":{"line":293,"column":12},"end":{"line":293,"column":20}},{"start":{"line":293,"column":24},"end":{"line":293,"column":32}}],"line":293},"65":{"loc":{"start":{"line":298,"column":8},"end":{"line":300,"column":9}},"type":"if","locations":[{"start":{"line":298,"column":8},"end":{"line":300,"column":9}},{"start":{"line":298,"column":8},"end":{"line":300,"column":9}}],"line":298},"66":{"loc":{"start":{"line":298,"column":12},"end":{"line":298,"column":35}},"type":"binary-expr","locations":[{"start":{"line":298,"column":12},"end":{"line":298,"column":17}},{"start":{"line":298,"column":21},"end":{"line":298,"column":35}}],"line":298},"67":{"loc":{"start":{"line":309,"column":8},"end":{"line":311,"column":9}},"type":"if","locations":[{"start":{"line":309,"column":8},"end":{"line":311,"column":9}},{"start":{"line":309,"column":8},"end":{"line":311,"column":9}}],"line":309},"68":{"loc":{"start":{"line":309,"column":12},"end":{"line":309,"column":32}},"type":"binary-expr","locations":[{"start":{"line":309,"column":12},"end":{"line":309,"column":20}},{"start":{"line":309,"column":24},"end":{"line":309,"column":32}}],"line":309},"69":{"loc":{"start":{"line":314,"column":8},"end":{"line":316,"column":9}},"type":"if","locations":[{"start":{"line":314,"column":8},"end":{"line":316,"column":9}},{"start":{"line":314,"column":8},"end":{"line":316,"column":9}}],"line":314},"70":{"loc":{"start":{"line":314,"column":12},"end":{"line":314,"column":35}},"type":"binary-expr","locations":[{"start":{"line":314,"column":12},"end":{"line":314,"column":17}},{"start":{"line":314,"column":21},"end":{"line":314,"column":35}}],"line":314},"71":{"loc":{"start":{"line":325,"column":8},"end":{"line":327,"column":9}},"type":"if","locations":[{"start":{"line":325,"column":8},"end":{"line":327,"column":9}},{"start":{"line":325,"column":8},"end":{"line":327,"column":9}}],"line":325},"72":{"loc":{"start":{"line":325,"column":12},"end":{"line":325,"column":32}},"type":"binary-expr","locations":[{"start":{"line":325,"column":12},"end":{"line":325,"column":20}},{"start":{"line":325,"column":24},"end":{"line":325,"column":32}}],"line":325},"73":{"loc":{"start":{"line":330,"column":8},"end":{"line":332,"column":9}},"type":"if","locations":[{"start":{"line":330,"column":8},"end":{"line":332,"column":9}},{"start":{"line":330,"column":8},"end":{"line":332,"column":9}}],"line":330},"74":{"loc":{"start":{"line":330,"column":12},"end":{"line":330,"column":35}},"type":"binary-expr","locations":[{"start":{"line":330,"column":12},"end":{"line":330,"column":17}},{"start":{"line":330,"column":21},"end":{"line":330,"column":35}}],"line":330},"75":{"loc":{"start":{"line":341,"column":8},"end":{"line":343,"column":9}},"type":"if","locations":[{"start":{"line":341,"column":8},"end":{"line":343,"column":9}},{"start":{"line":341,"column":8},"end":{"line":343,"column":9}}],"line":341},"76":{"loc":{"start":{"line":341,"column":12},"end":{"line":341,"column":32}},"type":"binary-expr","locations":[{"start":{"line":341,"column":12},"end":{"line":341,"column":20}},{"start":{"line":341,"column":24},"end":{"line":341,"column":32}}],"line":341},"77":{"loc":{"start":{"line":346,"column":8},"end":{"line":348,"column":9}},"type":"if","locations":[{"start":{"line":346,"column":8},"end":{"line":348,"column":9}},{"start":{"line":346,"column":8},"end":{"line":348,"column":9}}],"line":346},"78":{"loc":{"start":{"line":346,"column":12},"end":{"line":346,"column":35}},"type":"binary-expr","locations":[{"start":{"line":346,"column":12},"end":{"line":346,"column":17}},{"start":{"line":346,"column":21},"end":{"line":346,"column":35}}],"line":346},"79":{"loc":{"start":{"line":356,"column":2},"end":{"line":358,"column":3}},"type":"if","locations":[{"start":{"line":356,"column":2},"end":{"line":358,"column":3}},{"start":{"line":356,"column":2},"end":{"line":358,"column":3}}],"line":356},"80":{"loc":{"start":{"line":356,"column":6},"end":{"line":356,"column":24}},"type":"binary-expr","locations":[{"start":{"line":356,"column":6},"end":{"line":356,"column":10}},{"start":{"line":356,"column":14},"end":{"line":356,"column":24}}],"line":356}},"s":{"0":2,"1":2,"2":2,"3":2,"4":2,"5":2,"6":12,"7":12,"8":0,"9":12,"10":0,"11":0,"12":0,"13":0,"14":0,"15":0,"16":0,"17":0,"18":0,"19":0,"20":0,"21":0,"22":0,"23":0,"24":0,"25":0,"26":0,"27":0,"28":0,"29":0,"30":0,"31":0,"32":0,"33":0,"34":0,"35":0,"36":0,"37":0,"38":0,"39":0,"40":0,"41":0,"42":0,"43":0,"44":0,"45":0,"46":0,"47":0,"48":0,"49":0,"50":0,"51":0,"52":0,"53":0,"54":0,"55":0,"56":0,"57":0,"58":0,"59":0,"60":0,"61":0,"62":0,"63":0,"64":0,"65":0,"66":0,"67":0,"68":0,"69":0,"70":0,"71":0,"72":0,"73":0,"74":0,"75":0,"76":0,"77":0,"78":0,"79":0,"80":1,"81":1,"82":1,"83":0,"84":0,"85":0,"86":1,"87":1,"88":1,"89":1,"90":0,"91":0,"92":0,"93":1,"94":0,"95":0,"96":0,"97":0,"98":0,"99":0,"100":0,"101":0,"102":0,"103":0,"104":0,"105":0,"106":0,"107":0,"108":0,"109":0,"110":0,"111":0,"112":0,"113":0,"114":0,"115":2,"116":2,"117":2,"118":2,"119":0,"120":0,"121":2,"122":0,"123":0,"124":0,"125":0,"126":0,"127":0,"128":0,"129":1,"130":1,"131":1,"132":1,"133":0,"134":0,"135":1,"136":1,"137":1,"138":1,"139":1,"140":0,"141":0,"142":1,"143":12,"144":12,"145":12,"146":12,"147":0,"148":12,"149":2,"150":2},"f":{"0":2,"1":12,"2":0,"3":0,"4":0,"5":0,"6":0,"7":0,"8":0,"9":0,"10":0,"11":0,"12":0,"13":0,"14":0,"15":0,"16":0,"17":0,"18":0,"19":0,"20":0,"21":0,"22":0,"23":0,"24":0,"25":0,"26":0,"27":0,"28":0,"29":0,"30":0,"31":0,"32":1,"33":1,"34":0,"35":1,"36":1,"37":0,"38":0,"39":0,"40":0,"41":0,"42":0,"43":0,"44":0,"45":0,"46":0,"47":2,"48":2,"49":0,"50":0,"51":0,"52":0,"53":1,"54":1,"55":0,"56":1,"57":1,"58":0,"59":12,"60":12},"b":{"0":[0,2],"1":[2,2,0],"2":[0,12],"3":[0,0],"4":[0,0],"5":[0,0],"6":[0,0],"7":[0,0],"8":[0,0],"9":[0,0],"10":[0,0],"11":[0,0],"12":[0,0],"13":[0,0],"14":[0,0],"15":[0,0],"16":[0,0],"17":[0,0],"18":[0,0],"19":[0,0],"20":[0,0],"21":[0,0],"22":[0,0],"23":[0,0],"24":[0,0],"25":[0,0],"26":[0,0],"27":[0,0],"28":[0,0],"29":[0,0],"30":[0,0],"31":[0,0],"32":[0,0],"33":[0,0],"34":[0,0],"35":[0,0],"36":[0,0],"37":[0,0],"38":[0,0],"39":[0,0],"40":[0,0],"41":[0,0],"42":[0,0],"43":[0,1],"44":[1,0],"45":[0,0],"46":[0,0],"47":[0,1],"48":[1,0],"49":[0,0],"50":[0,0],"51":[0,0],"52":[0,0],"53":[0,0],"54":[0,0],"55":[0,0],"56":[0,0],"57":[0,0],"58":[0,0],"59":[0,0],"60":[0,0],"61":[0,0],"62":[0,0],"63":[2,0],"64":[2,2],"65":[0,0],"66":[0,0],"67":[0,0],"68":[0,0],"69":[0,0],"70":[0,0],"71":[1,0],"72":[1,1],"73":[0,0],"74":[0,0],"75":[1,0],"76":[1,1],"77":[0,0],"78":[0,0],"79":[0,12],"80":[12,12]},"inputSourceMap":null,"_coverageSchema":"1a1c01bbd47fc00a2c39e90264f33305004495a9","hash":"4558819066dd169b092d9a8db7c5d5afd60ea1bf"}
,"/Users/philippelattention/Code/owl-realworld-app/src/hooks/useArticleActions.js": {"path":"/Users/philippelattention/Code/owl-realworld-app/src/hooks/useArticleActions.js","statementMap":{"0":{"start":{"line":3,"column":0},"end":{"line":3,"column":62}},"1":{"start":{"line":5,"column":10},"end":{"line":5,"column":30}},"2":{"start":{"line":6,"column":13},"end":{"line":6,"column":32}},"3":{"start":{"line":8,"column":45},"end":{"line":8,"column":54}},"4":{"start":{"line":11,"column":21},"end":{"line":11,"column":36}},"5":{"start":{"line":12,"column":14},"end":{"line":12,"column":22}},"6":{"start":{"line":13,"column":18},"end":{"line":13,"column":30}},"7":{"start":{"line":14,"column":15},"end":{"line":14,"column":29}},"8":{"start":{"line":15,"column":16},"end":{"line":17,"column":4}},"9":{"start":{"line":18,"column":26},"end":{"line":35,"column":3}},"10":{"start":{"line":19,"column":4},"end":{"line":22,"column":5}},"11":{"start":{"line":20,"column":6},"end":{"line":20,"column":44}},"12":{"start":{"line":21,"column":6},"end":{"line":21,"column":13}},"13":{"start":{"line":23,"column":19},"end":{"line":23,"column":21}},"14":{"start":{"line":24,"column":4},"end":{"line":24,"column":54}},"15":{"start":{"line":25,"column":4},"end":{"line":29,"column":5}},"16":{"start":{"line":26,"column":6},"end":{"line":26,"column":56}},"17":{"start":{"line":28,"column":6},"end":{"line":28,"column":58}},"18":{"start":{"line":30,"column":4},"end":{"line":30,"column":55}},"19":{"start":{"line":31,"column":4},"end":{"line":33,"column":7}},"20":{"start":{"line":34,"column":4},"end":{"line":34,"column":28}},"21":{"start":{"line":36,"column":24},"end":{"line":42,"column":3}},"22":{"start":{"line":37,"column":4},"end":{"line":37,"column":35}},"23":{"start":{"line":38,"column":4},"end":{"line":41,"column":7}},"24":{"start":{"line":44,"column":2},"end":{"line":44,"column":51}},"25":{"start":{"line":47,"column":0},"end":{"line":47,"column":46}}},"fnMap":{"0":{"name":"useArticleActions","decl":{"start":{"line":10,"column":9},"end":{"line":10,"column":26}},"loc":{"start":{"line":10,"column":29},"end":{"line":45,"column":1}},"line":10},"1":{"name":"(anonymous_1)","decl":{"start":{"line":18,"column":26},"end":{"line":18,"column":27}},"loc":{"start":{"line":18,"column":53},"end":{"line":35,"column":3}},"line":18},"2":{"name":"(anonymous_2)","decl":{"start":{"line":36,"column":24},"end":{"line":36,"column":25}},"loc":{"start":{"line":36,"column":40},"end":{"line":42,"column":3}},"line":36}},"branchMap":{"0":{"loc":{"start":{"line":19,"column":4},"end":{"line":22,"column":5}},"type":"if","locations":[{"start":{"line":19,"column":4},"end":{"line":22,"column":5}},{"start":{"line":19,"column":4},"end":{"line":22,"column":5}}],"line":19},"1":{"loc":{"start":{"line":25,"column":4},"end":{"line":29,"column":5}},"type":"if","locations":[{"start":{"line":25,"column":4},"end":{"line":29,"column":5}},{"start":{"line":25,"column":4},"end":{"line":29,"column":5}}],"line":25}},"s":{"0":2,"1":2,"2":2,"3":2,"4":5,"5":5,"6":5,"7":5,"8":5,"9":5,"10":2,"11":0,"12":0,"13":2,"14":2,"15":2,"16":0,"17":2,"18":2,"19":2,"20":2,"21":5,"22":0,"23":0,"24":5,"25":2},"f":{"0":5,"1":2,"2":0},"b":{"0":[0,2],"1":[0,2]},"inputSourceMap":null,"_coverageSchema":"1a1c01bbd47fc00a2c39e90264f33305004495a9","hash":"977c80a1a90daf0b2904c95c4613fd3d72416a4e"}
,"/Users/philippelattention/Code/owl-realworld-app/src/hooks/useArticleLoader.js": {"path":"/Users/philippelattention/Code/owl-realworld-app/src/hooks/useArticleLoader.js","statementMap":{"0":{"start":{"line":3,"column":0},"end":{"line":3,"column":62}},"1":{"start":{"line":5,"column":10},"end":{"line":5,"column":30}},"2":{"start":{"line":6,"column":13},"end":{"line":6,"column":32}},"3":{"start":{"line":8,"column":51},"end":{"line":8,"column":60}},"4":{"start":{"line":11,"column":21},"end":{"line":11,"column":36}},"5":{"start":{"line":12,"column":18},"end":{"line":28,"column":4}},"6":{"start":{"line":29,"column":14},"end":{"line":29,"column":22}},"7":{"start":{"line":31,"column":19},"end":{"line":31,"column":52}},"8":{"start":{"line":32,"column":4},"end":{"line":34,"column":5}},"9":{"start":{"line":33,"column":6},"end":{"line":33,"column":47}},"10":{"start":{"line":36,"column":2},"end":{"line":39,"column":5}},"11":{"start":{"line":37,"column":15},"end":{"line":37,"column":44}},"12":{"start":{"line":38,"column":4},"end":{"line":38,"column":29}},"13":{"start":{"line":40,"column":2},"end":{"line":44,"column":5}},"14":{"start":{"line":41,"column":4},"end":{"line":43,"column":5}},"15":{"start":{"line":42,"column":6},"end":{"line":42,"column":41}},"16":{"start":{"line":45,"column":2},"end":{"line":45,"column":17}},"17":{"start":{"line":48,"column":0},"end":{"line":48,"column":44}}},"fnMap":{"0":{"name":"useArticleLoader","decl":{"start":{"line":10,"column":9},"end":{"line":10,"column":25}},"loc":{"start":{"line":10,"column":28},"end":{"line":46,"column":1}},"line":10},"1":{"name":"fetchArticle","decl":{"start":{"line":30,"column":17},"end":{"line":30,"column":29}},"loc":{"start":{"line":30,"column":36},"end":{"line":35,"column":3}},"line":30},"2":{"name":"(anonymous_2)","decl":{"start":{"line":36,"column":14},"end":{"line":36,"column":15}},"loc":{"start":{"line":36,"column":26},"end":{"line":39,"column":3}},"line":36},"3":{"name":"(anonymous_3)","decl":{"start":{"line":40,"column":20},"end":{"line":40,"column":21}},"loc":{"start":{"line":40,"column":41},"end":{"line":44,"column":3}},"line":40}},"branchMap":{"0":{"loc":{"start":{"line":32,"column":4},"end":{"line":34,"column":5}},"type":"if","locations":[{"start":{"line":32,"column":4},"end":{"line":34,"column":5}},{"start":{"line":32,"column":4},"end":{"line":34,"column":5}}],"line":32},"1":{"loc":{"start":{"line":32,"column":8},"end":{"line":32,"column":36}},"type":"binary-expr","locations":[{"start":{"line":32,"column":8},"end":{"line":32,"column":16}},{"start":{"line":32,"column":20},"end":{"line":32,"column":36}}],"line":32},"2":{"loc":{"start":{"line":41,"column":4},"end":{"line":43,"column":5}},"type":"if","locations":[{"start":{"line":41,"column":4},"end":{"line":43,"column":5}},{"start":{"line":41,"column":4},"end":{"line":43,"column":5}}],"line":41}},"s":{"0":2,"1":2,"2":2,"3":2,"4":0,"5":0,"6":0,"7":0,"8":0,"9":0,"10":0,"11":0,"12":0,"13":0,"14":0,"15":0,"16":0,"17":2},"f":{"0":0,"1":0,"2":0,"3":0},"b":{"0":[0,0],"1":[0,0],"2":[0,0]},"inputSourceMap":null,"_coverageSchema":"1a1c01bbd47fc00a2c39e90264f33305004495a9","hash":"d7ffd5580121fa59cc46a0c638c468f5cfc3d00f"}
,"/Users/philippelattention/Code/owl-realworld-app/src/hooks/useProfileActions.js": {"path":"/Users/philippelattention/Code/owl-realworld-app/src/hooks/useProfileActions.js","statementMap":{"0":{"start":{"line":3,"column":0},"end":{"line":3,"column":62}},"1":{"start":{"line":5,"column":10},"end":{"line":5,"column":30}},"2":{"start":{"line":6,"column":13},"end":{"line":6,"column":32}},"3":{"start":{"line":8,"column":45},"end":{"line":8,"column":54}},"4":{"start":{"line":11,"column":21},"end":{"line":11,"column":36}},"5":{"start":{"line":12,"column":14},"end":{"line":12,"column":22}},"6":{"start":{"line":13,"column":18},"end":{"line":13,"column":30}},"7":{"start":{"line":14,"column":15},"end":{"line":14,"column":29}},"8":{"start":{"line":15,"column":16},"end":{"line":17,"column":4}},"9":{"start":{"line":18,"column":26},"end":{"line":35,"column":3}},"10":{"start":{"line":19,"column":4},"end":{"line":22,"column":5}},"11":{"start":{"line":20,"column":6},"end":{"line":20,"column":44}},"12":{"start":{"line":21,"column":6},"end":{"line":21,"column":13}},"13":{"start":{"line":23,"column":19},"end":{"line":23,"column":21}},"14":{"start":{"line":24,"column":4},"end":{"line":24,"column":54}},"15":{"start":{"line":25,"column":4},"end":{"line":29,"column":5}},"16":{"start":{"line":26,"column":6},"end":{"line":26,"column":55}},"17":{"start":{"line":28,"column":6},"end":{"line":28,"column":57}},"18":{"start":{"line":30,"column":4},"end":{"line":30,"column":55}},"19":{"start":{"line":31,"column":4},"end":{"line":33,"column":7}},"20":{"start":{"line":34,"column":4},"end":{"line":34,"column":28}},"21":{"start":{"line":36,"column":2},"end":{"line":36,"column":36}},"22":{"start":{"line":39,"column":0},"end":{"line":39,"column":46}}},"fnMap":{"0":{"name":"useProfileActions","decl":{"start":{"line":10,"column":9},"end":{"line":10,"column":26}},"loc":{"start":{"line":10,"column":29},"end":{"line":37,"column":1}},"line":10},"1":{"name":"(anonymous_1)","decl":{"start":{"line":18,"column":26},"end":{"line":18,"column":27}},"loc":{"start":{"line":18,"column":57},"end":{"line":35,"column":3}},"line":18}},"branchMap":{"0":{"loc":{"start":{"line":19,"column":4},"end":{"line":22,"column":5}},"type":"if","locations":[{"start":{"line":19,"column":4},"end":{"line":22,"column":5}},{"start":{"line":19,"column":4},"end":{"line":22,"column":5}}],"line":19},"1":{"loc":{"start":{"line":25,"column":4},"end":{"line":29,"column":5}},"type":"if","locations":[{"start":{"line":25,"column":4},"end":{"line":29,"column":5}},{"start":{"line":25,"column":4},"end":{"line":29,"column":5}}],"line":25}},"s":{"0":2,"1":2,"2":2,"3":2,"4":5,"5":5,"6":5,"7":5,"8":5,"9":5,"10":2,"11":0,"12":0,"13":2,"14":2,"15":2,"16":1,"17":1,"18":2,"19":2,"20":2,"21":5,"22":2},"f":{"0":5,"1":2},"b":{"0":[0,2],"1":[1,1]},"inputSourceMap":null,"_coverageSchema":"1a1c01bbd47fc00a2c39e90264f33305004495a9","hash":"a2d5e713587319916020a69e9aef3c9c387260b4"}
,"/Users/philippelattention/Code/owl-realworld-app/src/pages/ArticlePage.js": {"path":"/Users/philippelattention/Code/owl-realworld-app/src/pages/ArticlePage.js","statementMap":{"0":{"start":{"line":3,"column":0},"end":{"line":3,"column":62}},"1":{"start":{"line":5,"column":10},"end":{"line":5,"column":30}},"2":{"start":{"line":6,"column":13},"end":{"line":6,"column":39}},"3":{"start":{"line":7,"column":23},"end":{"line":7,"column":59}},"4":{"start":{"line":8,"column":18},"end":{"line":8,"column":54}},"5":{"start":{"line":9,"column":22},"end":{"line":9,"column":62}},"6":{"start":{"line":10,"column":13},"end":{"line":10,"column":30}},"7":{"start":{"line":12,"column":37},"end":{"line":12,"column":112}},"8":{"start":{"line":14,"column":35},"end":{"line":14,"column":64}},"9":{"start":{"line":16,"column":23},"end":{"line":16,"column":32}},"10":{"start":{"line":18,"column":30},"end":{"line":49,"column":1}},"11":{"start":{"line":52,"column":20},"end":{"line":52,"column":41}},"12":{"start":{"line":53,"column":22},"end":{"line":53,"column":112}},"13":{"start":{"line":54,"column":12},"end":{"line":54,"column":24}},"14":{"start":{"line":55,"column":15},"end":{"line":55,"column":30}},"15":{"start":{"line":56,"column":10},"end":{"line":59,"column":4}},"16":{"start":{"line":60,"column":12},"end":{"line":60,"column":47}},"17":{"start":{"line":63,"column":4},"end":{"line":63,"column":47}},"18":{"start":{"line":67,"column":4},"end":{"line":67,"column":58}},"19":{"start":{"line":71,"column":4},"end":{"line":71,"column":51}},"20":{"start":{"line":75,"column":0},"end":{"line":75,"column":34}}},"fnMap":{"0":{"name":"_interopDefaultLegacy","decl":{"start":{"line":12,"column":9},"end":{"line":12,"column":30}},"loc":{"start":{"line":12,"column":35},"end":{"line":12,"column":114}},"line":12},"1":{"name":"(anonymous_1)","decl":{"start":{"line":62,"column":2},"end":{"line":62,"column":3}},"loc":{"start":{"line":62,"column":26},"end":{"line":64,"column":3}},"line":62},"2":{"name":"(anonymous_2)","decl":{"start":{"line":66,"column":2},"end":{"line":66,"column":3}},"loc":{"start":{"line":66,"column":30},"end":{"line":68,"column":3}},"line":66},"3":{"name":"(anonymous_3)","decl":{"start":{"line":70,"column":2},"end":{"line":70,"column":3}},"loc":{"start":{"line":70,"column":24},"end":{"line":72,"column":3}},"line":70}},"branchMap":{"0":{"loc":{"start":{"line":12,"column":44},"end":{"line":12,"column":111}},"type":"cond-expr","locations":[{"start":{"line":12,"column":91},"end":{"line":12,"column":92}},{"start":{"line":12,"column":95},"end":{"line":12,"column":111}}],"line":12},"1":{"loc":{"start":{"line":12,"column":44},"end":{"line":12,"column":88}},"type":"binary-expr","locations":[{"start":{"line":12,"column":44},"end":{"line":12,"column":45}},{"start":{"line":12,"column":49},"end":{"line":12,"column":70}},{"start":{"line":12,"column":74},"end":{"line":12,"column":88}}],"line":12}},"s":{"0":2,"1":2,"2":2,"3":2,"4":2,"5":2,"6":2,"7":2,"8":2,"9":2,"10":2,"11":2,"12":2,"13":0,"14":0,"15":0,"16":0,"17":0,"18":0,"19":0,"20":2},"f":{"0":2,"1":0,"2":0,"3":0},"b":{"0":[0,2],"1":[2,2,0]},"inputSourceMap":null,"_coverageSchema":"1a1c01bbd47fc00a2c39e90264f33305004495a9","hash":"556a3b390afa4eb2d4ac147b8401da3d1fb1cf43"}
[...]
,"/Users/philippelattention/Code/owl-realworld-app/src/pages/Settings.js": {"path":"/Users/philippelattention/Code/owl-realworld-app/src/pages/Settings.js","statementMap":{"0":{"start":{"line":3,"column":0},"end":{"line":3,"column":62}},"1":{"start":{"line":5,"column":10},"end":{"line":5,"column":30}},"2":{"start":{"line":6,"column":13},"end":{"line":6,"column":39}},"3":{"start":{"line":8,"column":36},"end":{"line":8,"column":45}},"4":{"start":{"line":9,"column":16},"end":{"line":9,"column":24}},"5":{"start":{"line":11,"column":26},"end":{"line":52,"column":1}},"6":{"start":{"line":55,"column":20},"end":{"line":55,"column":37}},"7":{"start":{"line":56,"column":13},"end":{"line":56,"column":26}},"8":{"start":{"line":57,"column":12},"end":{"line":57,"column":24}},"9":{"start":{"line":58,"column":15},"end":{"line":58,"column":30}},"10":{"start":{"line":61,"column":4},"end":{"line":61,"column":19}},"11":{"start":{"line":62,"column":4},"end":{"line":70,"column":7}},"12":{"start":{"line":71,"column":22},"end":{"line":71,"column":44}},"13":{"start":{"line":72,"column":4},"end":{"line":77,"column":5}},"14":{"start":{"line":73,"column":6},"end":{"line":73,"column":41}},"15":{"start":{"line":74,"column":6},"end":{"line":74,"column":47}},"16":{"start":{"line":75,"column":6},"end":{"line":75,"column":37}},"17":{"start":{"line":76,"column":6},"end":{"line":76,"column":41}},"18":{"start":{"line":81,"column":4},"end":{"line":81,"column":24}},"19":{"start":{"line":82,"column":4},"end":{"line":82,"column":35}},"20":{"start":{"line":82,"column":28},"end":{"line":82,"column":35}},"21":{"start":{"line":84,"column":4},"end":{"line":84,"column":27}},"22":{"start":{"line":85,"column":4},"end":{"line":85,"column":30}},"23":{"start":{"line":86,"column":19},"end":{"line":91,"column":5}},"24":{"start":{"line":92,"column":4},"end":{"line":94,"column":5}},"25":{"start":{"line":93,"column":6},"end":{"line":93,"column":46}},"26":{"start":{"line":95,"column":19},"end":{"line":95,"column":61}},"27":{"start":{"line":96,"column":4},"end":{"line":109,"column":5}},"28":{"start":{"line":97,"column":6},"end":{"line":97,"column":33}},"29":{"start":{"line":98,"column":6},"end":{"line":104,"column":7}},"30":{"start":{"line":99,"column":8},"end":{"line":99,"column":32}},"31":{"start":{"line":100,"column":8},"end":{"line":100,"column":51}},"32":{"start":{"line":102,"column":8},"end":{"line":102,"column":41}},"33":{"start":{"line":103,"column":8},"end":{"line":103,"column":49}},"34":{"start":{"line":106,"column":6},"end":{"line":108,"column":7}},"35":{"start":{"line":107,"column":8},"end":{"line":107,"column":44}},"36":{"start":{"line":110,"column":4},"end":{"line":110,"column":31}},"37":{"start":{"line":114,"column":4},"end":{"line":114,"column":28}},"38":{"start":{"line":115,"column":4},"end":{"line":115,"column":45}},"39":{"start":{"line":119,"column":0},"end":{"line":119,"column":28}}},"fnMap":{"0":{"name":"(anonymous_0)","decl":{"start":{"line":60,"column":2},"end":{"line":60,"column":3}},"loc":{"start":{"line":60,"column":23},"end":{"line":78,"column":3}},"line":60},"1":{"name":"(anonymous_1)","decl":{"start":{"line":80,"column":2},"end":{"line":80,"column":3}},"loc":{"start":{"line":80,"column":23},"end":{"line":111,"column":3}},"line":80},"2":{"name":"(anonymous_2)","decl":{"start":{"line":113,"column":2},"end":{"line":113,"column":3}},"loc":{"start":{"line":113,"column":11},"end":{"line":116,"column":3}},"line":113}},"branchMap":{"0":{"loc":{"start":{"line":72,"column":4},"end":{"line":77,"column":5}},"type":"if","locations":[{"start":{"line":72,"column":4},"end":{"line":77,"column":5}},{"start":{"line":72,"column":4},"end":{"line":77,"column":5}}],"line":72},"1":{"loc":{"start":{"line":82,"column":4},"end":{"line":82,"column":35}},"type":"if","locations":[{"start":{"line":82,"column":4},"end":{"line":82,"column":35}},{"start":{"line":82,"column":4},"end":{"line":82,"column":35}}],"line":82},"2":{"loc":{"start":{"line":92,"column":4},"end":{"line":94,"column":5}},"type":"if","locations":[{"start":{"line":92,"column":4},"end":{"line":94,"column":5}},{"start":{"line":92,"column":4},"end":{"line":94,"column":5}}],"line":92},"3":{"loc":{"start":{"line":96,"column":4},"end":{"line":109,"column":5}},"type":"if","locations":[{"start":{"line":96,"column":4},"end":{"line":109,"column":5}},{"start":{"line":96,"column":4},"end":{"line":109,"column":5}}],"line":96},"4":{"loc":{"start":{"line":96,"column":8},"end":{"line":96,"column":34}},"type":"binary-expr","locations":[{"start":{"line":96,"column":8},"end":{"line":96,"column":16}},{"start":{"line":96,"column":20},"end":{"line":96,"column":34}}],"line":96},"5":{"loc":{"start":{"line":98,"column":6},"end":{"line":104,"column":7}},"type":"if","locations":[{"start":{"line":98,"column":6},"end":{"line":104,"column":7}},{"start":{"line":98,"column":6},"end":{"line":104,"column":7}}],"line":98},"6":{"loc":{"start":{"line":106,"column":6},"end":{"line":108,"column":7}},"type":"if","locations":[{"start":{"line":106,"column":6},"end":{"line":108,"column":7}},{"start":{"line":106,"column":6},"end":{"line":108,"column":7}}],"line":106}},"s":{"0":2,"1":2,"2":2,"3":2,"4":2,"5":2,"6":2,"7":0,"8":0,"9":0,"10":0,"11":0,"12":0,"13":0,"14":0,"15":0,"16":0,"17":0,"18":0,"19":0,"20":0,"21":0,"22":0,"23":0,"24":0,"25":0,"26":0,"27":0,"28":0,"29":0,"30":0,"31":0,"32":0,"33":0,"34":0,"35":0,"36":0,"37":0,"38":0,"39":2},"f":{"0":0,"1":0,"2":0},"b":{"0":[0,0],"1":[0,0],"2":[0,0],"3":[0,0],"4":[0,0],"5":[0,0],"6":[0,0]},"inputSourceMap":null,"_coverageSchema":"1a1c01bbd47fc00a2c39e90264f33305004495a9","hash":"ff60eb4acc708201af67991f46598e110e5cff20"}
,"/Users/philippelattention/Code/owl-realworld-app/src/pages/index.js": {"path":"/Users/philippelattention/Code/owl-realworld-app/src/pages/index.js","statementMap":{"0":{"start":{"line":3,"column":0},"end":{"line":3,"column":62}},"1":{"start":{"line":5,"column":12},"end":{"line":5,"column":30}},"2":{"start":{"line":6,"column":15},"end":{"line":6,"column":36}},"3":{"start":{"line":7,"column":11},"end":{"line":7,"column":28}},"4":{"start":{"line":8,"column":15},"end":{"line":8,"column":36}},"5":{"start":{"line":9,"column":13},"end":{"line":9,"column":32}},"6":{"start":{"line":10,"column":14},"end":{"line":10,"column":34}},"7":{"start":{"line":11,"column":18},"end":{"line":11,"column":42}},"8":{"start":{"line":15,"column":0},"end":{"line":18,"column":3}},"9":{"start":{"line":17,"column":20},"end":{"line":17,"column":39}},"10":{"start":{"line":19,"column":0},"end":{"line":22,"column":3}},"11":{"start":{"line":21,"column":20},"end":{"line":21,"column":45}},"12":{"start":{"line":23,"column":0},"end":{"line":26,"column":3}},"13":{"start":{"line":25,"column":20},"end":{"line":25,"column":37}},"14":{"start":{"line":27,"column":0},"end":{"line":30,"column":3}},"15":{"start":{"line":29,"column":20},"end":{"line":29,"column":45}},"16":{"start":{"line":31,"column":0},"end":{"line":34,"column":3}},"17":{"start":{"line":33,"column":20},"end":{"line":33,"column":41}},"18":{"start":{"line":35,"column":0},"end":{"line":38,"column":3}},"19":{"start":{"line":37,"column":20},"end":{"line":37,"column":43}},"20":{"start":{"line":39,"column":0},"end":{"line":42,"column":3}},"21":{"start":{"line":41,"column":20},"end":{"line":41,"column":51}}},"fnMap":{"0":{"name":"(anonymous_0)","decl":{"start":{"line":17,"column":6},"end":{"line":17,"column":7}},"loc":{"start":{"line":17,"column":18},"end":{"line":17,"column":41}},"line":17},"1":{"name":"(anonymous_1)","decl":{"start":{"line":21,"column":6},"end":{"line":21,"column":7}},"loc":{"start":{"line":21,"column":18},"end":{"line":21,"column":47}},"line":21},"2":{"name":"(anonymous_2)","decl":{"start":{"line":25,"column":6},"end":{"line":25,"column":7}},"loc":{"start":{"line":25,"column":18},"end":{"line":25,"column":39}},"line":25},"3":{"name":"(anonymous_3)","decl":{"start":{"line":29,"column":6},"end":{"line":29,"column":7}},"loc":{"start":{"line":29,"column":18},"end":{"line":29,"column":47}},"line":29},"4":{"name":"(anonymous_4)","decl":{"start":{"line":33,"column":6},"end":{"line":33,"column":7}},"loc":{"start":{"line":33,"column":18},"end":{"line":33,"column":43}},"line":33},"5":{"name":"(anonymous_5)","decl":{"start":{"line":37,"column":6},"end":{"line":37,"column":7}},"loc":{"start":{"line":37,"column":18},"end":{"line":37,"column":45}},"line":37},"6":{"name":"(anonymous_6)","decl":{"start":{"line":41,"column":6},"end":{"line":41,"column":7}},"loc":{"start":{"line":41,"column":18},"end":{"line":41,"column":53}},"line":41}},"branchMap":{},"s":{"0":2,"1":2,"2":2,"3":2,"4":2,"5":2,"6":2,"7":2,"8":2,"9":2,"10":2,"11":2,"12":2,"13":2,"14":2,"15":2,"16":2,"17":2,"18":2,"19":2,"20":2,"21":0},"f":{"0":2,"1":2,"2":2,"3":2,"4":2,"5":2,"6":0},"b":{},"inputSourceMap":null,"_coverageSchema":"1a1c01bbd47fc00a2c39e90264f33305004495a9","hash":"84df36b695e4162bd3eabc7cfe43de609ada0927"}
,"/Users/philippelattention/Code/owl-realworld-app/src/utilities/deepEqual.js": {"path":"/Users/philippelattention/Code/owl-realworld-app/src/utilities/deepEqual.js","statementMap":{"0":{"start":{"line":3,"column":0},"end":{"line":3,"column":62}},"1":{"start":{"line":6,"column":2},"end":{"line":6,"column":54}},"2":{"start":{"line":10,"column":16},"end":{"line":10,"column":36}},"3":{"start":{"line":11,"column":16},"end":{"line":11,"column":36}},"4":{"start":{"line":13,"column":2},"end":{"line":15,"column":3}},"5":{"start":{"line":14,"column":4},"end":{"line":14,"column":17}},"6":{"start":{"line":17,"column":2},"end":{"line":27,"column":3}},"7":{"start":{"line":18,"column":17},"end":{"line":18,"column":29}},"8":{"start":{"line":19,"column":17},"end":{"line":19,"column":29}},"9":{"start":{"line":20,"column":23},"end":{"line":20,"column":55}},"10":{"start":{"line":21,"column":4},"end":{"line":26,"column":5}},"11":{"start":{"line":25,"column":6},"end":{"line":25,"column":19}},"12":{"start":{"line":29,"column":2},"end":{"line":29,"column":14}},"13":{"start":{"line":32,"column":0},"end":{"line":32,"column":30}}},"fnMap":{"0":{"name":"isObject","decl":{"start":{"line":5,"column":9},"end":{"line":5,"column":17}},"loc":{"start":{"line":5,"column":26},"end":{"line":7,"column":1}},"line":5},"1":{"name":"deepEqual","decl":{"start":{"line":9,"column":9},"end":{"line":9,"column":18}},"loc":{"start":{"line":9,"column":37},"end":{"line":30,"column":1}},"line":9}},"branchMap":{"0":{"loc":{"start":{"line":6,"column":9},"end":{"line":6,"column":53}},"type":"binary-expr","locations":[{"start":{"line":6,"column":9},"end":{"line":6,"column":23}},{"start":{"line":6,"column":27},"end":{"line":6,"column":53}}],"line":6},"1":{"loc":{"start":{"line":13,"column":2},"end":{"line":15,"column":3}},"type":"if","locations":[{"start":{"line":13,"column":2},"end":{"line":15,"column":3}},{"start":{"line":13,"column":2},"end":{"line":15,"column":3}}],"line":13},"2":{"loc":{"start":{"line":20,"column":23},"end":{"line":20,"column":55}},"type":"binary-expr","locations":[{"start":{"line":20,"column":23},"end":{"line":20,"column":37}},{"start":{"line":20,"column":41},"end":{"line":20,"column":55}}],"line":20},"3":{"loc":{"start":{"line":21,"column":4},"end":{"line":26,"column":5}},"type":"if","locations":[{"start":{"line":21,"column":4},"end":{"line":26,"column":5}},{"start":{"line":21,"column":4},"end":{"line":26,"column":5}}],"line":21},"4":{"loc":{"start":{"line":22,"column":6},"end":{"line":23,"column":36}},"type":"binary-expr","locations":[{"start":{"line":22,"column":7},"end":{"line":22,"column":17}},{"start":{"line":22,"column":21},"end":{"line":22,"column":43}},{"start":{"line":23,"column":7},"end":{"line":23,"column":18}},{"start":{"line":23,"column":22},"end":{"line":23,"column":35}}],"line":22}},"s":{"0":2,"1":0,"2":0,"3":0,"4":0,"5":0,"6":0,"7":0,"8":0,"9":0,"10":0,"11":0,"12":0,"13":2},"f":{"0":0,"1":0},"b":{"0":[0,0],"1":[0,0],"2":[0,0],"3":[0,0],"4":[0,0,0,0]},"inputSourceMap":null,"_coverageSchema":"1a1c01bbd47fc00a2c39e90264f33305004495a9","hash":"9fac61f90fac233eb0fa764f27b0e9fc9a743d3d"}
,"/Users/philippelattention/Code/owl-realworld-app/src/utilities/formatdate.js": {"path":"/Users/philippelattention/Code/owl-realworld-app/src/utilities/formatdate.js","statementMap":{"0":{"start":{"line":3,"column":0},"end":{"line":3,"column":62}},"1":{"start":{"line":6,"column":19},"end":{"line":6,"column":35}},"2":{"start":{"line":7,"column":2},"end":{"line":11,"column":5}},"3":{"start":{"line":14,"column":0},"end":{"line":14,"column":32}}},"fnMap":{"0":{"name":"formatDate","decl":{"start":{"line":5,"column":9},"end":{"line":5,"column":19}},"loc":{"start":{"line":5,"column":28},"end":{"line":12,"column":1}},"line":5}},"branchMap":{},"s":{"0":2,"1":17,"2":17,"3":2},"f":{"0":17},"b":{},"inputSourceMap":null,"_coverageSchema":"1a1c01bbd47fc00a2c39e90264f33305004495a9","hash":"af1b86c48e1274f71af92dedd478542555473484"}
,"/Users/philippelattention/Code/owl-realworld-app/tests/helpers.js": {"path":"/Users/philippelattention/Code/owl-realworld-app/tests/helpers.js","statementMap":{"0":{"start":{"line":3,"column":0},"end":{"line":3,"column":62}},"1":{"start":{"line":5,"column":10},"end":{"line":5,"column":30}},"2":{"start":{"line":6,"column":0},"end":{"line":6,"column":39}},"3":{"start":{"line":7,"column":12},"end":{"line":7,"column":35}},"4":{"start":{"line":9,"column":15},"end":{"line":16,"column":1}},"5":{"start":{"line":18,"column":16},"end":{"line":25,"column":1}},"6":{"start":{"line":20,"column":4},"end":{"line":20,"column":20}},"7":{"start":{"line":23,"column":4},"end":{"line":23,"column":22}},"8":{"start":{"line":27,"column":21},"end":{"line":29,"column":1}},"9":{"start":{"line":30,"column":16},"end":{"line":37,"column":1}},"10":{"start":{"line":32,"column":4},"end":{"line":32,"column":16}},"11":{"start":{"line":35,"column":4},"end":{"line":35,"column":22}},"12":{"start":{"line":40,"column":14},"end":{"line":40,"column":52}},"13":{"start":{"line":41,"column":2},"end":{"line":41,"column":68}},"14":{"start":{"line":42,"column":2},"end":{"line":42,"column":27}},"15":{"start":{"line":43,"column":2},"end":{"line":43,"column":13}},"16":{"start":{"line":47,"column":16},"end":{"line":47,"column":28}},"17":{"start":{"line":48,"column":16},"end":{"line":48,"column":58}},"18":{"start":{"line":49,"column":2},"end":{"line":49,"column":15}},"19":{"start":{"line":53,"column":2},"end":{"line":57,"column":5}},"20":{"start":{"line":54,"column":4},"end":{"line":56,"column":6}},"21":{"start":{"line":55,"column":6},"end":{"line":55,"column":68}},"22":{"start":{"line":55,"column":58},"end":{"line":55,"column":67}},"23":{"start":{"line":60,"column":16},"end":{"line":60,"column":46}},"24":{"start":{"line":61,"column":2},"end":{"line":61,"column":37}},"25":{"start":{"line":62,"column":2},"end":{"line":62,"column":17}},"26":{"start":{"line":65,"column":16},"end":{"line":65,"column":46}},"27":{"start":{"line":66,"column":2},"end":{"line":70,"column":3}},"28":{"start":{"line":67,"column":4},"end":{"line":67,"column":32}},"29":{"start":{"line":69,"column":4},"end":{"line":69,"column":39}},"30":{"start":{"line":71,"column":2},"end":{"line":71,"column":17}},"31":{"start":{"line":75,"column":2},"end":{"line":75,"column":65}},"32":{"start":{"line":78,"column":0},"end":{"line":78,"column":24}},"33":{"start":{"line":79,"column":0},"end":{"line":79,"column":22}},"34":{"start":{"line":80,"column":0},"end":{"line":80,"column":42}},"35":{"start":{"line":81,"column":0},"end":{"line":81,"column":30}},"36":{"start":{"line":82,"column":0},"end":{"line":82,"column":42}},"37":{"start":{"line":83,"column":0},"end":{"line":83,"column":54}},"38":{"start":{"line":84,"column":0},"end":{"line":84,"column":28}}},"fnMap":{"0":{"name":"(anonymous_0)","decl":{"start":{"line":19,"column":2},"end":{"line":19,"column":3}},"loc":{"start":{"line":19,"column":20},"end":{"line":21,"column":3}},"line":19},"1":{"name":"(anonymous_1)","decl":{"start":{"line":22,"column":2},"end":{"line":22,"column":3}},"loc":{"start":{"line":22,"column":25},"end":{"line":24,"column":3}},"line":22},"2":{"name":"(anonymous_2)","decl":{"start":{"line":31,"column":2},"end":{"line":31,"column":3}},"loc":{"start":{"line":31,"column":26},"end":{"line":33,"column":3}},"line":31},"3":{"name":"(anonymous_3)","decl":{"start":{"line":34,"column":2},"end":{"line":34,"column":3}},"loc":{"start":{"line":34,"column":21},"end":{"line":36,"column":3}},"line":34},"4":{"name":"makeEnvironment","decl":{"start":{"line":39,"column":15},"end":{"line":39,"column":30}},"loc":{"start":{"line":39,"column":38},"end":{"line":44,"column":1}},"line":39},"5":{"name":"makeStore","decl":{"start":{"line":46,"column":9},"end":{"line":46,"column":18}},"loc":{"start":{"line":46,"column":21},"end":{"line":50,"column":1}},"line":46},"6":{"name":"nextTick","decl":{"start":{"line":52,"column":15},"end":{"line":52,"column":23}},"loc":{"start":{"line":52,"column":26},"end":{"line":58,"column":1}},"line":52},"7":{"name":"(anonymous_7)","decl":{"start":{"line":53,"column":21},"end":{"line":53,"column":22}},"loc":{"start":{"line":53,"column":40},"end":{"line":57,"column":3}},"line":53},"8":{"name":"(anonymous_8)","decl":{"start":{"line":54,"column":15},"end":{"line":54,"column":16}},"loc":{"start":{"line":55,"column":6},"end":{"line":55,"column":68}},"line":55},"9":{"name":"(anonymous_9)","decl":{"start":{"line":55,"column":52},"end":{"line":55,"column":53}},"loc":{"start":{"line":55,"column":58},"end":{"line":55,"column":67}},"line":55},"10":{"name":"makeTestParentFixture","decl":{"start":{"line":59,"column":9},"end":{"line":59,"column":30}},"loc":{"start":{"line":59,"column":33},"end":{"line":63,"column":1}},"line":59},"11":{"name":"makeTestFixture","decl":{"start":{"line":64,"column":9},"end":{"line":64,"column":24}},"loc":{"start":{"line":64,"column":33},"end":{"line":72,"column":1}},"line":64},"12":{"name":"click","decl":{"start":{"line":74,"column":9},"end":{"line":74,"column":14}},"loc":{"start":{"line":74,"column":31},"end":{"line":76,"column":1}},"line":74}},"branchMap":{"0":{"loc":{"start":{"line":66,"column":2},"end":{"line":70,"column":3}},"type":"if","locations":[{"start":{"line":66,"column":2},"end":{"line":70,"column":3}},{"start":{"line":66,"column":2},"end":{"line":70,"column":3}}],"line":66}},"s":{"0":2,"1":2,"2":2,"3":2,"4":2,"5":2,"6":0,"7":0,"8":2,"9":2,"10":23,"11":14,"12":6,"13":6,"14":6,"15":6,"16":6,"17":6,"18":6,"19":8,"20":8,"21":8,"22":8,"23":5,"24":5,"25":5,"26":6,"27":6,"28":5,"29":1,"30":6,"31":0,"32":2,"33":2,"34":2,"35":2,"36":2,"37":2,"38":2},"f":{"0":0,"1":0,"2":23,"3":14,"4":6,"5":6,"6":8,"7":8,"8":8,"9":8,"10":5,"11":6,"12":0},"b":{"0":[5,1]},"inputSourceMap":null,"_coverageSchema":"1a1c01bbd47fc00a2c39e90264f33305004495a9","hash":"da4cb9af8bb66e53a7511ff308b71601b7a407ab"}
}
