TN:
SF:src/App.js
FNF:0
FNH:0
DA:3,1
DA:5,1
DA:6,1
DA:7,1
DA:9,1
DA:10,1
DA:12,1
DA:21,1
DA:22,1
DA:25,1
LF:10
LH:10
BRF:0
BRH:0
end_of_record
TN:
SF:src/components/ArticleMeta.js
FN:69,(anonymous_0)
FN:74,(anonymous_1)
FNF:2
FNH:2
FNDA:5,(anonymous_0)
FNDA:12,(anonymous_1)
DA:3,2
DA:5,2
DA:6,2
DA:7,2
DA:8,2
DA:10,2
DA:11,2
DA:13,2
DA:60,2
DA:61,2
DA:62,2
DA:66,5
DA:67,5
DA:70,5
DA:71,5
DA:75,12
DA:82,2
LF:17
LH:17
BRDA:76,0,0,12
BRDA:76,0,1,12
BRF:2
BRH:2
end_of_record
TN:
SF:src/components/ArticlePreview.js
FNF:0
FNH:0
DA:3,2
DA:5,2
DA:6,2
DA:8,2
DA:10,2
DA:24,2
DA:25,2
DA:26,2
DA:31,2
LF:9
LH:9
BRF:0
BRH:0
end_of_record
TN:
SF:src/components/ArticlesList.js
FN:49,(anonymous_0)
FN:61,(anonymous_1)
FN:65,(anonymous_2)
FN:75,(anonymous_3)
FNF:4
FNH:2
FNDA:1,(anonymous_0)
FNDA:1,(anonymous_1)
FNDA:0,(anonymous_2)
FNDA:0,(anonymous_3)
DA:3,2
DA:5,2
DA:6,2
DA:7,2
DA:8,2
DA:9,2
DA:11,2
DA:28,2
DA:29,2
DA:30,1
DA:31,1
DA:36,2
DA:50,1
DA:51,1
DA:52,1
DA:53,1
DA:55,0
DA:57,1
DA:58,1
DA:62,1
DA:66,0
DA:67,0
DA:69,0
DA:72,0
DA:76,0
DA:80,2
LF:26
LH:20
BRDA:52,0,0,1
BRDA:52,0,1,0
BRDA:66,1,0,0
BRDA:66,1,1,0
BRF:4
BRH:1
end_of_record
TN:
SF:src/components/CommentsSection.js
FN:82,(anonymous_0)
FN:89,(anonymous_1)
FN:93,(anonymous_2)
FN:110,(anonymous_3)
FNF:4
FNH:0
FNDA:0,(anonymous_0)
FNDA:0,(anonymous_1)
FNDA:0,(anonymous_2)
FNDA:0,(anonymous_3)
DA:3,2
DA:5,2
DA:6,2
DA:7,2
DA:9,2
DA:11,2
DA:63,2
DA:64,2
DA:65,2
DA:70,0
DA:71,0
DA:72,0
DA:79,0
DA:80,0
DA:83,0
DA:84,0
DA:85,0
DA:86,0
DA:90,0
DA:94,0
DA:99,0
DA:100,0
DA:102,0
DA:106,0
DA:107,0
DA:111,0
DA:116,0
DA:117,0
DA:122,0
DA:126,2
LF:30
LH:10
BRDA:99,0,0,0
BRDA:99,0,1,0
BRF:2
BRH:0
end_of_record
TN:
SF:src/components/Footer.js
FNF:0
FNH:0
DA:3,1
DA:5,1
DA:7,1
DA:20,1
DA:23,1
LF:5
LH:5
BRF:0
BRH:0
end_of_record
TN:
SF:src/components/Navbar.js
FNF:0
FNH:0
DA:3,1
DA:5,1
DA:6,1
DA:8,1
DA:9,1
DA:11,1
DA:39,1
DA:40,1
DA:41,1
DA:44,1
LF:10
LH:10
BRF:0
BRH:0
end_of_record
TN:
SF:src/components/NavbarLink.js
FNF:0
FNH:0
DA:3,1
DA:5,1
DA:7,1
DA:8,1
DA:10,1
DA:18,1
DA:21,1
LF:7
LH:7
BRF:0
BRH:0
end_of_record
TN:
SF:src/components/Pagination.js
FN:25,(anonymous_0)
FN:29,(anonymous_1)
FN:33,(anonymous_2)
FN:43,(anonymous_3)
FNF:4
FNH:1
FNDA:1,(anonymous_0)
FNDA:0,(anonymous_1)
FNDA:0,(anonymous_2)
FNDA:0,(anonymous_3)
DA:3,2
DA:5,2
DA:7,2
DA:19,2
DA:20,2
DA:26,1
DA:30,0
DA:34,0
DA:35,0
DA:37,0
DA:38,0
DA:44,0
DA:45,0
DA:46,0
DA:47,0
DA:48,0
DA:50,0
DA:51,0
DA:52,0
DA:53,0
DA:56,0
DA:57,0
DA:58,0
DA:59,0
DA:60,0
DA:61,0
DA:62,0
DA:65,0
DA:66,0
DA:69,0
DA:73,2
LF:31
LH:7
BRDA:34,0,0,0
BRDA:34,0,1,0
BRDA:52,1,0,0
BRDA:52,1,1,0
BRDA:52,2,0,0
BRDA:52,2,1,0
BRDA:58,3,0,0
BRDA:58,3,1,0
BRDA:59,4,0,0
BRDA:59,4,1,0
BRDA:61,5,0,0
BRDA:61,5,1,0
BRF:12
BRH:0
end_of_record
TN:
SF:src/components/TagsCloud.js
FN:31,(anonymous_0)
FN:38,(anonymous_1)
FN:42,(anonymous_2)
FNF:3
FNH:2
FNDA:1,(anonymous_0)
FNDA:1,(anonymous_1)
FNDA:0,(anonymous_2)
DA:3,2
DA:5,2
DA:6,2
DA:8,2
DA:24,2
DA:25,1
DA:29,1
DA:32,1
DA:33,1
DA:34,1
DA:35,1
DA:39,1
DA:43,0
DA:49,2
LF:14
LH:13
BRF:0
BRH:0
end_of_record
TN:
SF:src/hooks/useApi.js
FN:8,_interopDefaultLegacy
FN:15,(anonymous_1)
FN:26,(anonymous_2)
FN:30,(anonymous_3)
FN:35,(anonymous_4)
FN:42,(anonymous_5)
FN:46,(anonymous_6)
FN:51,(anonymous_7)
FN:59,(anonymous_8)
FN:68,(anonymous_9)
FN:73,(anonymous_10)
FN:80,(anonymous_11)
FN:90,(anonymous_12)
FN:95,(anonymous_13)
FN:102,(anonymous_14)
FN:108,(anonymous_15)
FN:113,(anonymous_16)
FN:120,(anonymous_17)
FN:124,(anonymous_18)
FN:129,(anonymous_19)
FN:136,(anonymous_20)
FN:142,(anonymous_21)
FN:147,(anonymous_22)
FN:154,(anonymous_23)
FN:158,(anonymous_24)
FN:163,(anonymous_25)
FN:170,(anonymous_26)
FN:176,(anonymous_27)
FN:181,(anonymous_28)
FN:188,(anonymous_29)
FN:192,(anonymous_30)
FN:197,(anonymous_31)
FN:204,(anonymous_32)
FN:208,(anonymous_33)
FN:213,(anonymous_34)
FN:220,(anonymous_35)
FN:224,(anonymous_36)
FN:229,(anonymous_37)
FN:236,(anonymous_38)
FN:240,(anonymous_39)
FN:245,(anonymous_40)
FN:252,(anonymous_41)
FN:260,(anonymous_42)
FN:265,(anonymous_43)
FN:272,(anonymous_44)
FN:276,(anonymous_45)
FN:281,(anonymous_46)
FN:288,(anonymous_47)
FN:292,(anonymous_48)
FN:297,(anonymous_49)
FN:304,(anonymous_50)
FN:308,(anonymous_51)
FN:313,(anonymous_52)
FN:320,(anonymous_53)
FN:324,(anonymous_54)
FN:329,(anonymous_55)
FN:336,(anonymous_56)
FN:340,(anonymous_57)
FN:345,(anonymous_58)
FN:353,useApi
FN:354,(anonymous_60)
FNF:61
FNH:14
FNDA:2,_interopDefaultLegacy
FNDA:12,(anonymous_1)
FNDA:0,(anonymous_2)
FNDA:0,(anonymous_3)
FNDA:0,(anonymous_4)
FNDA:0,(anonymous_5)
FNDA:0,(anonymous_6)
FNDA:0,(anonymous_7)
FNDA:0,(anonymous_8)
FNDA:0,(anonymous_9)
FNDA:0,(anonymous_10)
FNDA:0,(anonymous_11)
FNDA:0,(anonymous_12)
FNDA:0,(anonymous_13)
FNDA:0,(anonymous_14)
FNDA:0,(anonymous_15)
FNDA:0,(anonymous_16)
FNDA:0,(anonymous_17)
FNDA:0,(anonymous_18)
FNDA:0,(anonymous_19)
FNDA:0,(anonymous_20)
FNDA:0,(anonymous_21)
FNDA:0,(anonymous_22)
FNDA:0,(anonymous_23)
FNDA:0,(anonymous_24)
FNDA:0,(anonymous_25)
FNDA:0,(anonymous_26)
FNDA:0,(anonymous_27)
FNDA:0,(anonymous_28)
FNDA:0,(anonymous_29)
FNDA:0,(anonymous_30)
FNDA:0,(anonymous_31)
FNDA:1,(anonymous_32)
FNDA:1,(anonymous_33)
FNDA:0,(anonymous_34)
FNDA:1,(anonymous_35)
FNDA:1,(anonymous_36)
FNDA:0,(anonymous_37)
FNDA:0,(anonymous_38)
FNDA:0,(anonymous_39)
FNDA:0,(anonymous_40)
FNDA:0,(anonymous_41)
FNDA:0,(anonymous_42)
FNDA:0,(anonymous_43)
FNDA:0,(anonymous_44)
FNDA:0,(anonymous_45)
FNDA:0,(anonymous_46)
FNDA:2,(anonymous_47)
FNDA:2,(anonymous_48)
FNDA:0,(anonymous_49)
FNDA:0,(anonymous_50)
FNDA:0,(anonymous_51)
FNDA:0,(anonymous_52)
FNDA:1,(anonymous_53)
FNDA:1,(anonymous_54)
FNDA:0,(anonymous_55)
FNDA:1,(anonymous_56)
FNDA:1,(anonymous_57)
FNDA:0,(anonymous_58)
FNDA:12,useApi
FNDA:12,(anonymous_60)
DA:3,2
DA:5,2
DA:6,2
DA:8,2
DA:10,2
DA:12,2
DA:16,12
DA:20,12
DA:21,0
DA:23,12
DA:27,0
DA:28,0
DA:31,0
DA:32,0
DA:36,0
DA:37,0
DA:40,0
DA:43,0
DA:44,0
DA:47,0
DA:48,0
DA:52,0
DA:53,0
DA:56,0
DA:60,0
DA:61,0
DA:69,0
DA:70,0
DA:74,0
DA:75,0
DA:78,0
DA:81,0
DA:82,0
DA:91,0
DA:92,0
DA:96,0
DA:97,0
DA:100,0
DA:103,0
DA:104,0
DA:109,0
DA:110,0
DA:114,0
DA:115,0
DA:118,0
DA:121,0
DA:122,0
DA:125,0
DA:126,0
DA:130,0
DA:131,0
DA:134,0
DA:137,0
DA:138,0
DA:143,0
DA:144,0
DA:148,0
DA:149,0
DA:152,0
DA:155,0
DA:156,0
DA:159,0
DA:160,0
DA:164,0
DA:165,0
DA:168,0
DA:171,0
DA:172,0
DA:177,0
DA:178,0
DA:182,0
DA:183,0
DA:186,0
DA:189,0
DA:190,0
DA:193,0
DA:194,0
DA:198,0
DA:199,0
DA:202,0
DA:205,1
DA:206,1
DA:209,1
DA:210,0
DA:214,0
DA:215,0
DA:218,1
DA:221,1
DA:222,1
DA:225,1
DA:226,0
DA:230,0
DA:231,0
DA:234,1
DA:237,0
DA:238,0
DA:241,0
DA:242,0
DA:246,0
DA:247,0
DA:250,0
DA:253,0
DA:254,0
DA:261,0
DA:262,0
DA:266,0
DA:267,0
DA:270,0
DA:273,0
DA:274,0
DA:277,0
DA:278,0
DA:282,0
DA:283,0
DA:286,0
DA:289,2
DA:290,2
DA:293,2
DA:294,2
DA:298,0
DA:299,0
DA:302,2
DA:305,0
DA:306,0
DA:309,0
DA:310,0
DA:314,0
DA:315,0
DA:318,0
DA:321,1
DA:322,1
DA:325,1
DA:326,1
DA:330,0
DA:331,0
DA:334,1
DA:337,1
DA:338,1
DA:341,1
DA:342,1
DA:346,0
DA:347,0
DA:350,1
DA:354,12
DA:355,12
DA:356,12
DA:357,0
DA:359,12
DA:362,2
DA:363,2
LF:150
LH:38
BRDA:8,0,0,0
BRDA:8,0,1,2
BRDA:8,1,0,2
BRDA:8,1,1,2
BRDA:8,1,2,0
BRDA:20,2,0,0
BRDA:20,2,1,12
BRDA:31,3,0,0
BRDA:31,3,1,0
BRDA:31,4,0,0
BRDA:31,4,1,0
BRDA:36,5,0,0
BRDA:36,5,1,0
BRDA:36,6,0,0
BRDA:36,6,1,0
BRDA:47,7,0,0
BRDA:47,7,1,0
BRDA:47,8,0,0
BRDA:47,8,1,0
BRDA:52,9,0,0
BRDA:52,9,1,0
BRDA:52,10,0,0
BRDA:52,10,1,0
BRDA:69,11,0,0
BRDA:69,11,1,0
BRDA:69,12,0,0
BRDA:69,12,1,0
BRDA:74,13,0,0
BRDA:74,13,1,0
BRDA:74,14,0,0
BRDA:74,14,1,0
BRDA:91,15,0,0
BRDA:91,15,1,0
BRDA:91,16,0,0
BRDA:91,16,1,0
BRDA:96,17,0,0
BRDA:96,17,1,0
BRDA:96,18,0,0
BRDA:96,18,1,0
BRDA:109,19,0,0
BRDA:109,19,1,0
BRDA:109,20,0,0
BRDA:109,20,1,0
BRDA:114,21,0,0
BRDA:114,21,1,0
BRDA:114,22,0,0
BRDA:114,22,1,0
BRDA:125,23,0,0
BRDA:125,23,1,0
BRDA:125,24,0,0
BRDA:125,24,1,0
BRDA:130,25,0,0
BRDA:130,25,1,0
BRDA:130,26,0,0
BRDA:130,26,1,0
BRDA:143,27,0,0
BRDA:143,27,1,0
BRDA:143,28,0,0
BRDA:143,28,1,0
BRDA:148,29,0,0
BRDA:148,29,1,0
BRDA:148,30,0,0
BRDA:148,30,1,0
BRDA:159,31,0,0
BRDA:159,31,1,0
BRDA:159,32,0,0
BRDA:159,32,1,0
BRDA:164,33,0,0
BRDA:164,33,1,0
BRDA:164,34,0,0
BRDA:164,34,1,0
BRDA:177,35,0,0
BRDA:177,35,1,0
BRDA:177,36,0,0
BRDA:177,36,1,0
BRDA:182,37,0,0
BRDA:182,37,1,0
BRDA:182,38,0,0
BRDA:182,38,1,0
BRDA:193,39,0,0
BRDA:193,39,1,0
BRDA:193,40,0,0
BRDA:193,40,1,0
BRDA:198,41,0,0
BRDA:198,41,1,0
BRDA:198,42,0,0
BRDA:198,42,1,0
BRDA:209,43,0,0
BRDA:209,43,1,1
BRDA:209,44,0,1
BRDA:209,44,1,0
BRDA:214,45,0,0
BRDA:214,45,1,0
BRDA:214,46,0,0
BRDA:214,46,1,0
BRDA:225,47,0,0
BRDA:225,47,1,1
BRDA:225,48,0,1
BRDA:225,48,1,0
BRDA:230,49,0,0
BRDA:230,49,1,0
BRDA:230,50,0,0
BRDA:230,50,1,0
BRDA:241,51,0,0
BRDA:241,51,1,0
BRDA:241,52,0,0
BRDA:241,52,1,0
BRDA:246,53,0,0
BRDA:246,53,1,0
BRDA:246,54,0,0
BRDA:246,54,1,0
BRDA:261,55,0,0
BRDA:261,55,1,0
BRDA:261,56,0,0
BRDA:261,56,1,0
BRDA:266,57,0,0
BRDA:266,57,1,0
BRDA:266,58,0,0
BRDA:266,58,1,0
BRDA:277,59,0,0
BRDA:277,59,1,0
BRDA:277,60,0,0
BRDA:277,60,1,0
BRDA:282,61,0,0
BRDA:282,61,1,0
BRDA:282,62,0,0
BRDA:282,62,1,0
BRDA:293,63,0,2
BRDA:293,63,1,0
BRDA:293,64,0,2
BRDA:293,64,1,2
BRDA:298,65,0,0
BRDA:298,65,1,0
BRDA:298,66,0,0
BRDA:298,66,1,0
BRDA:309,67,0,0
BRDA:309,67,1,0
BRDA:309,68,0,0
BRDA:309,68,1,0
BRDA:314,69,0,0
BRDA:314,69,1,0
BRDA:314,70,0,0
BRDA:314,70,1,0
BRDA:325,71,0,1
BRDA:325,71,1,0
BRDA:325,72,0,1
BRDA:325,72,1,1
BRDA:330,73,0,0
BRDA:330,73,1,0
BRDA:330,74,0,0
BRDA:330,74,1,0
BRDA:341,75,0,1
BRDA:341,75,1,0
BRDA:341,76,0,1
BRDA:341,76,1,1
BRDA:346,77,0,0
BRDA:346,77,1,0
BRDA:346,78,0,0
BRDA:346,78,1,0
BRDA:356,79,0,0
BRDA:356,79,1,12
BRDA:356,80,0,12
BRDA:356,80,1,12
BRF:163
BRH:20
end_of_record
TN:
SF:src/hooks/useArticleActions.js
FN:10,useArticleActions
FN:18,(anonymous_1)
FN:36,(anonymous_2)
FNF:3
FNH:2
FNDA:5,useArticleActions
FNDA:2,(anonymous_1)
FNDA:0,(anonymous_2)
DA:3,2
DA:5,2
DA:6,2
DA:8,2
DA:11,5
DA:12,5
DA:13,5
DA:14,5
DA:15,5
DA:18,5
DA:19,2
DA:20,0
DA:21,0
DA:23,2
DA:24,2
DA:25,2
DA:26,0
DA:28,2
DA:30,2
DA:31,2
DA:34,2
DA:36,5
DA:37,0
DA:38,0
DA:44,5
DA:47,2
LF:26
LH:21
BRDA:19,0,0,0
BRDA:19,0,1,2
BRDA:25,1,0,0
BRDA:25,1,1,2
BRF:4
BRH:2
end_of_record
TN:
SF:src/hooks/useArticleLoader.js
FN:10,useArticleLoader
FN:30,fetchArticle
FN:36,(anonymous_2)
FN:40,(anonymous_3)
FNF:4
FNH:0
FNDA:0,useArticleLoader
FNDA:0,fetchArticle
FNDA:0,(anonymous_2)
FNDA:0,(anonymous_3)
DA:3,2
DA:5,2
DA:6,2
DA:8,2
DA:11,0
DA:12,0
DA:29,0
DA:31,0
DA:32,0
DA:33,0
DA:36,0
DA:37,0
DA:38,0
DA:40,0
DA:41,0
DA:42,0
DA:45,0
DA:48,2
LF:18
LH:5
BRDA:32,0,0,0
BRDA:32,0,1,0
BRDA:32,1,0,0
BRDA:32,1,1,0
BRDA:41,2,0,0
BRDA:41,2,1,0
BRF:6
BRH:0
end_of_record
TN:
SF:src/hooks/useProfileActions.js
FN:10,useProfileActions
FN:18,(anonymous_1)
FNF:2
FNH:2
FNDA:5,useProfileActions
FNDA:2,(anonymous_1)
DA:3,2
DA:5,2
DA:6,2
DA:8,2
DA:11,5
DA:12,5
DA:13,5
DA:14,5
DA:15,5
DA:18,5
DA:19,2
DA:20,0
DA:21,0
DA:23,2
DA:24,2
DA:25,2
DA:26,1
DA:28,1
DA:30,2
DA:31,2
DA:34,2
DA:36,5
DA:39,2
LF:23
LH:21
BRDA:19,0,0,0
BRDA:19,0,1,2
BRDA:25,1,0,1
BRDA:25,1,1,1
BRF:4
BRH:3
end_of_record
TN:
SF:src/pages/ArticlePage.js
FN:12,_interopDefaultLegacy
FN:62,(anonymous_1)
FN:66,(anonymous_2)
FN:70,(anonymous_3)
FNF:4
FNH:1
FNDA:2,_interopDefaultLegacy
FNDA:0,(anonymous_1)
FNDA:0,(anonymous_2)
FNDA:0,(anonymous_3)
DA:3,2
DA:5,2
DA:6,2
DA:7,2
DA:8,2
DA:9,2
DA:10,2
DA:12,2
DA:14,2
DA:16,2
DA:18,2
DA:52,2
DA:53,2
DA:54,0
DA:55,0
DA:56,0
DA:60,0
DA:63,0
DA:67,0
DA:71,0
DA:75,2
LF:21
LH:14
BRDA:12,0,0,0
BRDA:12,0,1,2
BRDA:12,1,0,2
BRDA:12,1,1,2
BRDA:12,1,2,0
BRF:5
BRH:3
end_of_record
TN:
SF:src/pages/Editor.js
FN:58,(anonymous_0)
FNF:1
FNH:0
FNDA:0,(anonymous_0)
DA:3,2
DA:5,2
DA:6,2
DA:7,2
DA:9,2
DA:10,2
DA:12,2
DA:49,2
DA:50,0
DA:51,0
DA:55,0
DA:56,0
DA:59,0
DA:60,0
DA:61,0
DA:62,0
DA:67,0
DA:69,0
DA:70,0
DA:71,0
DA:76,0
DA:81,2
LF:22
LH:9
BRDA:61,0,0,0
BRDA:61,0,1,0
BRDA:70,1,0,0
BRDA:70,1,1,0
BRF:4
BRH:0
end_of_record
TN:
SF:src/pages/Home.js
FN:61,(anonymous_0)
FN:76,(anonymous_1)
FN:96,(anonymous_2)
FN:104,(anonymous_3)
FNF:4
FNH:1
FNDA:1,(anonymous_0)
FNDA:0,(anonymous_1)
FNDA:0,(anonymous_2)
FNDA:0,(anonymous_3)
DA:3,2
DA:5,2
DA:6,2
DA:7,2
DA:9,2
DA:11,2
DA:57,2
DA:58,2
DA:59,1
DA:62,1
DA:63,1
DA:64,1
DA:65,1
DA:66,1
DA:67,1
DA:69,1
DA:77,0
DA:78,0
DA:80,0
DA:81,0
DA:83,0
DA:84,0
DA:86,0
DA:87,0
DA:89,0
DA:91,0
DA:97,0
DA:101,0
DA:105,0
DA:109,2
LF:30
LH:17
BRDA:65,0,0,1
BRDA:65,0,1,0
BRDA:77,1,0,0
BRDA:77,1,1,0
BRDA:77,2,0,0
BRDA:77,2,1,0
BRDA:81,3,0,0
BRDA:81,3,1,0
BRDA:81,3,2,0
BRF:9
BRH:1
end_of_record
TN:
SF:src/pages/LogIn.js
FN:58,(anonymous_0)
FNF:1
FNH:0
FNDA:0,(anonymous_0)
DA:3,2
DA:5,2
DA:6,2
DA:8,2
DA:9,2
DA:10,2
DA:12,2
DA:47,2
DA:48,2
DA:49,0
DA:50,0
DA:51,0
DA:59,0
DA:60,0
DA:62,0
DA:63,0
DA:64,0
DA:68,0
DA:69,0
DA:70,0
DA:71,0
DA:73,0
DA:74,0
DA:77,0
DA:81,2
LF:25
LH:10
BRDA:60,0,0,0
BRDA:60,0,1,0
BRDA:68,1,0,0
BRDA:68,1,1,0
BRDA:68,2,0,0
BRDA:68,2,1,0
BRDA:73,3,0,0
BRDA:73,3,1,0
BRF:8
BRH:0
end_of_record
TN:
SF:src/pages/Profile.js
FN:80,(anonymous_0)
FN:90,(anonymous_1)
FN:105,(anonymous_2)
FN:113,(anonymous_3)
FN:118,(anonymous_4)
FN:123,(anonymous_5)
FN:152,(anonymous_6)
FNF:7
FNH:0
FNDA:0,(anonymous_0)
FNDA:0,(anonymous_1)
FNDA:0,(anonymous_2)
FNDA:0,(anonymous_3)
FNDA:0,(anonymous_4)
FNDA:0,(anonymous_5)
FNDA:0,(anonymous_6)
DA:3,2
DA:5,2
DA:6,2
DA:7,2
DA:8,2
DA:10,2
DA:11,2
DA:12,2
DA:14,2
DA:75,2
DA:76,2
DA:77,0
DA:78,0
DA:81,0
DA:82,0
DA:87,0
DA:91,0
DA:92,0
DA:93,0
DA:106,0
DA:110,0
DA:114,0
DA:115,0
DA:119,0
DA:120,0
DA:124,0
DA:125,0
DA:127,0
DA:132,0
DA:134,0
DA:139,0
DA:141,0
DA:147,0
DA:153,0
DA:157,0
DA:161,2
LF:36
LH:12
BRDA:92,0,0,0
BRDA:92,0,1,0
BRDA:92,1,0,0
BRDA:92,1,1,0
BRDA:125,2,0,0
BRDA:125,2,1,0
BRDA:125,2,2,0
BRF:7
BRH:0
end_of_record
TN:
SF:src/pages/Register.js
FN:62,(anonymous_0)
FNF:1
FNH:0
FNDA:0,(anonymous_0)
DA:3,2
DA:5,2
DA:6,2
DA:8,2
DA:9,2
DA:10,2
DA:12,2
DA:50,2
DA:51,2
DA:52,0
DA:53,0
DA:54,0
DA:63,0
DA:64,0
DA:65,0
DA:66,0
DA:71,0
DA:72,0
DA:73,0
DA:74,0
DA:76,0
DA:77,0
DA:80,0
DA:84,2
LF:24
LH:10
BRDA:63,0,0,0
BRDA:63,0,1,0
BRDA:71,1,0,0
BRDA:71,1,1,0
BRDA:71,2,0,0
BRDA:71,2,1,0
BRDA:76,3,0,0
BRDA:76,3,1,0
BRF:8
BRH:0
end_of_record
TN:
SF:src/pages/Settings.js
FN:60,(anonymous_0)
FN:80,(anonymous_1)
FN:113,(anonymous_2)
FNF:3
FNH:0
FNDA:0,(anonymous_0)
FNDA:0,(anonymous_1)
FNDA:0,(anonymous_2)
DA:3,2
DA:5,2
DA:6,2
DA:8,2
DA:9,2
DA:11,2
DA:55,2
DA:56,0
DA:57,0
DA:58,0
DA:61,0
DA:62,0
DA:71,0
DA:72,0
DA:73,0
DA:74,0
DA:75,0
DA:76,0
DA:81,0
DA:82,0
DA:84,0
DA:85,0
DA:86,0
DA:92,0
DA:93,0
DA:95,0
DA:96,0
DA:97,0
DA:98,0
DA:99,0
DA:100,0
DA:102,0
DA:103,0
DA:106,0
DA:107,0
DA:110,0
DA:114,0
DA:115,0
DA:119,2
LF:39
LH:8
BRDA:72,0,0,0
BRDA:72,0,1,0
BRDA:82,1,0,0
BRDA:82,1,1,0
BRDA:92,2,0,0
BRDA:92,2,1,0
BRDA:96,3,0,0
BRDA:96,3,1,0
BRDA:96,4,0,0
BRDA:96,4,1,0
BRDA:98,5,0,0
BRDA:98,5,1,0
BRDA:106,6,0,0
BRDA:106,6,1,0
BRF:14
BRH:0
end_of_record
TN:
SF:src/pages/index.js
FN:17,(anonymous_0)
FN:21,(anonymous_1)
FN:25,(anonymous_2)
FN:29,(anonymous_3)
FN:33,(anonymous_4)
FN:37,(anonymous_5)
FN:41,(anonymous_6)
FNF:7
FNH:6
FNDA:2,(anonymous_0)
FNDA:2,(anonymous_1)
FNDA:2,(anonymous_2)
FNDA:2,(anonymous_3)
FNDA:2,(anonymous_4)
FNDA:2,(anonymous_5)
FNDA:0,(anonymous_6)
DA:3,2
DA:5,2
DA:6,2
DA:7,2
DA:8,2
DA:9,2
DA:10,2
DA:11,2
DA:15,2
DA:17,2
DA:19,2
DA:21,2
DA:23,2
DA:25,2
DA:27,2
DA:29,2
DA:31,2
DA:33,2
DA:35,2
DA:37,2
DA:39,2
DA:41,0
LF:22
LH:21
BRF:0
BRH:0
end_of_record
TN:
SF:src/utilities/deepEqual.js
FN:5,isObject
FN:9,deepEqual
FNF:2
FNH:0
FNDA:0,isObject
FNDA:0,deepEqual
DA:3,2
DA:6,0
DA:10,0
DA:11,0
DA:13,0
DA:14,0
DA:17,0
DA:18,0
DA:19,0
DA:20,0
DA:21,0
DA:25,0
DA:29,0
DA:32,2
LF:14
LH:2
BRDA:6,0,0,0
BRDA:6,0,1,0
BRDA:13,1,0,0
BRDA:13,1,1,0
BRDA:20,2,0,0
BRDA:20,2,1,0
BRDA:21,3,0,0
BRDA:21,3,1,0
BRDA:22,4,0,0
BRDA:22,4,1,0
BRDA:22,4,2,0
BRDA:22,4,3,0
BRF:12
BRH:0
end_of_record
TN:
SF:src/utilities/formatdate.js
FN:5,formatDate
FNF:1
FNH:1
FNDA:17,formatDate
DA:3,2
DA:6,17
DA:7,17
DA:14,2
LF:4
LH:4
BRF:0
BRH:0
end_of_record
TN:
SF:tests/helpers.js
FN:19,(anonymous_0)
FN:22,(anonymous_1)
FN:31,(anonymous_2)
FN:34,(anonymous_3)
FN:39,makeEnvironment
FN:46,makeStore
FN:52,nextTick
FN:53,(anonymous_7)
FN:54,(anonymous_8)
FN:55,(anonymous_9)
FN:59,makeTestParentFixture
FN:64,makeTestFixture
FN:74,click
FNF:13
FNH:10
FNDA:0,(anonymous_0)
FNDA:0,(anonymous_1)
FNDA:23,(anonymous_2)
FNDA:14,(anonymous_3)
FNDA:6,makeEnvironment
FNDA:6,makeStore
FNDA:8,nextTick
FNDA:8,(anonymous_7)
FNDA:8,(anonymous_8)
FNDA:8,(anonymous_9)
FNDA:5,makeTestParentFixture
FNDA:6,makeTestFixture
FNDA:0,click
DA:3,2
DA:5,2
DA:6,2
DA:7,2
DA:9,2
DA:18,2
DA:20,0
DA:23,0
DA:27,2
DA:30,2
DA:32,23
DA:35,14
DA:40,6
DA:41,6
DA:42,6
DA:43,6
DA:47,6
DA:48,6
DA:49,6
DA:53,8
DA:54,8
DA:55,8
DA:60,5
DA:61,5
DA:62,5
DA:65,6
DA:66,6
DA:67,5
DA:69,1
DA:71,6
DA:75,0
DA:78,2
DA:79,2
DA:80,2
DA:81,2
DA:82,2
DA:83,2
DA:84,2
LF:38
LH:35
BRDA:66,0,0,5
BRDA:66,0,1,1
BRF:2
BRH:2
end_of_record
